2019-10-24 18:59:28,527  INFO (com.vtc.gamerid.gateway.VTCApiApplication:48) - Starting VTCApiApplication on DESKTOP-LEINKLU with PID 12348 (D:\Work\Project\VTC-mobile\VTC_admin_api\target\classes started by BigZest in D:\Work\Project\VTC-mobile\VTC_admin_api)
2019-10-24 18:59:28,530  INFO (com.vtc.gamerid.gateway.VTCApiApplication:662) - No active profile set, falling back to default profiles: default
2019-10-24 18:59:28,590  INFO (org.springframework.boot.context.embedded.AnnotationConfigEmbeddedWebApplicationContext:582) - Refreshing org.springframework.boot.context.embedded.AnnotationConfigEmbeddedWebApplicationContext@d025f7b: startup date [Thu Oct 24 18:59:28 ICT 2019]; root of context hierarchy
2019-10-24 18:59:28,954  INFO (org.hibernate.validator.internal.util.Version:30) - HV000001: Hibernate Validator 5.2.4.Final
2019-10-24 18:59:30,424  WARN (org.springframework.context.annotation.ConfigurationClassPostProcessor:373) - Cannot enhance @Configuration bean definition 'org.springframework.security.oauth2.config.annotation.web.configuration.AuthorizationServerEndpointsConfiguration$TokenKeyEndpointRegistrar' since its singleton instance has been created too early. The typical cause is a non-static @Bean method with a BeanDefinitionRegistryPostProcessor return type: Consider declaring such methods as 'static'.
2019-10-24 18:59:30,651  WARN (org.springframework.context.annotation.ConfigurationClassEnhancer:350) - @Bean method ApplicationConfig.getPropertyPlaceholderConfigurer is non-static and returns an object assignable to Spring's BeanFactoryPostProcessor interface. This will result in a failure to process annotations such as @Autowired, @Resource and @PostConstruct within the method's declaring @Configuration class. Add the 'static' modifier to this method to avoid these container lifecycle issues; see @Bean javadoc for complete details.
2019-10-24 18:59:30,708  INFO (org.springframework.beans.factory.annotation.AutowiredAnnotationBeanPostProcessor:155) - JSR-330 'javax.inject.Inject' annotation found and supported for autowiring
2019-10-24 18:59:30,872  INFO (org.springframework.context.support.PostProcessorRegistrationDelegate$BeanPostProcessorChecker:325) - Bean 'org.springframework.transaction.annotation.ProxyTransactionManagementConfiguration' of type [org.springframework.transaction.annotation.ProxyTransactionManagementConfiguration$$EnhancerBySpringCGLIB$$85d9a7c7] is not eligible for getting processed by all BeanPostProcessors (for example: not eligible for auto-proxying)
2019-10-24 18:59:31,936  INFO (org.springframework.boot.context.embedded.tomcat.TomcatEmbeddedServletContainer:89) - Tomcat initialized with port(s): 8081 (http)
2019-10-24 18:59:32,106  INFO (org.springframework.web.context.ContextLoader:276) - Root WebApplicationContext: initialization completed in 3516 ms
2019-10-24 18:59:32,510  INFO (org.springframework.boot.web.servlet.FilterRegistrationBean:258) - Mapping filter: 'corsFilter' to: [/*]
2019-10-24 18:59:32,511  INFO (org.springframework.boot.web.servlet.FilterRegistrationBean:258) - Mapping filter: 'characterEncodingFilter' to: [/*]
2019-10-24 18:59:32,512  INFO (org.springframework.boot.web.servlet.FilterRegistrationBean:258) - Mapping filter: 'hiddenHttpMethodFilter' to: [/*]
2019-10-24 18:59:32,513  INFO (org.springframework.boot.web.servlet.FilterRegistrationBean:258) - Mapping filter: 'httpPutFormContentFilter' to: [/*]
2019-10-24 18:59:32,514  INFO (org.springframework.boot.web.servlet.FilterRegistrationBean:258) - Mapping filter: 'requestContextFilter' to: [/*]
2019-10-24 18:59:32,515  INFO (org.springframework.boot.web.servlet.DelegatingFilterProxyRegistrationBean:258) - Mapping filter: 'springSecurityFilterChain' to: [/*]
2019-10-24 18:59:32,517  INFO (org.springframework.boot.web.servlet.ServletRegistrationBean:190) - Mapping servlet: 'dispatcherServlet' to [/]
2019-10-24 18:59:32,642  INFO (org.springframework.jdbc.datasource.DriverManagerDataSource:133) - Loaded JDBC driver: com.mysql.jdbc.Driver
2019-10-24 18:59:32,844  INFO (org.hibernate.cfg.annotations.Version:15) - Hibernate Annotations 3.3.1.GA
2019-10-24 18:59:32,853  INFO (org.hibernate.cfg.Environment:514) - Hibernate 3.2.6
2019-10-24 18:59:32,857  INFO (org.hibernate.cfg.Environment:547) - hibernate.properties not found
2019-10-24 18:59:32,861  INFO (org.hibernate.cfg.Environment:681) - Bytecode provider name : cglib
2019-10-24 18:59:32,866  INFO (org.hibernate.cfg.Environment:598) - using JDK 1.4 java.sql.Timestamp handling
2019-10-24 18:59:33,095  INFO (org.hibernate.cfg.AnnotationBinder:418) - Binding entity from annotated class: com.vtc.gamerid.gateway.common.dao.entity.TblEventGame
2019-10-24 18:59:33,124  INFO (org.hibernate.cfg.annotations.EntityBinder:424) - Bind entity com.vtc.gamerid.gateway.common.dao.entity.TblEventGame on table tblEventGame
2019-10-24 18:59:33,158  INFO (org.hibernate.cfg.AnnotationBinder:418) - Binding entity from annotated class: com.vtc.gamerid.gateway.common.dao.entity.TblEventGiftHistory
2019-10-24 18:59:33,159  INFO (org.hibernate.cfg.annotations.EntityBinder:424) - Bind entity com.vtc.gamerid.gateway.common.dao.entity.TblEventGiftHistory on table tblEventGiftHistory
2019-10-24 18:59:33,172  INFO (org.hibernate.cfg.AnnotationBinder:418) - Binding entity from annotated class: com.vtc.gamerid.gateway.common.dao.entity.TblExchangeHistory
2019-10-24 18:59:33,173  INFO (org.hibernate.cfg.annotations.EntityBinder:424) - Bind entity com.vtc.gamerid.gateway.common.dao.entity.TblExchangeHistory on table tblExchangeHistory
2019-10-24 18:59:33,175  INFO (org.hibernate.cfg.AnnotationBinder:418) - Binding entity from annotated class: com.vtc.gamerid.gateway.common.dao.entity.TblImage
2019-10-24 18:59:33,176  INFO (org.hibernate.cfg.annotations.EntityBinder:424) - Bind entity com.vtc.gamerid.gateway.common.dao.entity.TblImage on table tblImage
2019-10-24 18:59:33,178  INFO (org.hibernate.cfg.AnnotationBinder:418) - Binding entity from annotated class: com.vtc.gamerid.gateway.common.dao.entity.TblItemSpinTurnoverMusty
2019-10-24 18:59:33,180  INFO (org.hibernate.cfg.annotations.EntityBinder:424) - Bind entity com.vtc.gamerid.gateway.common.dao.entity.TblItemSpinTurnoverMusty on table tblItemSpinTurnoverMusty
2019-10-24 18:59:33,182  INFO (org.hibernate.cfg.AnnotationBinder:418) - Binding entity from annotated class: com.vtc.gamerid.gateway.common.dao.entity.TblLoginGameHistory
2019-10-24 18:59:33,183  INFO (org.hibernate.cfg.annotations.EntityBinder:424) - Bind entity com.vtc.gamerid.gateway.common.dao.entity.TblLoginGameHistory on table tblLoginGameHistory
2019-10-24 18:59:33,185  INFO (org.hibernate.cfg.AnnotationBinder:418) - Binding entity from annotated class: com.vtc.gamerid.gateway.common.dao.entity.TblLoginHistory
2019-10-24 18:59:33,187  INFO (org.hibernate.cfg.annotations.EntityBinder:424) - Bind entity com.vtc.gamerid.gateway.common.dao.entity.TblLoginHistory on table tblLoginHistory
2019-10-24 18:59:33,190  INFO (org.hibernate.cfg.AnnotationBinder:418) - Binding entity from annotated class: com.vtc.gamerid.gateway.common.dao.entity.TblTopupCardHistory
2019-10-24 18:59:33,193  INFO (org.hibernate.cfg.annotations.EntityBinder:424) - Bind entity com.vtc.gamerid.gateway.common.dao.entity.TblTopupCardHistory on table tblTopupCardHistory
2019-10-24 18:59:33,195  INFO (org.hibernate.cfg.AnnotationBinder:418) - Binding entity from annotated class: com.vtc.gamerid.gateway.common.dao.entity.TblTurnoverLandmark
2019-10-24 18:59:33,197  INFO (org.hibernate.cfg.annotations.QueryBinder:64) - Binding Named query: TblTurnoverLandmark.findAll => SELECT t FROM TblTurnoverLandmark t
2019-10-24 18:59:33,198  INFO (org.hibernate.cfg.annotations.EntityBinder:424) - Bind entity com.vtc.gamerid.gateway.common.dao.entity.TblTurnoverLandmark on table tblTurnoverLandmark
2019-10-24 18:59:33,199  INFO (org.hibernate.cfg.AnnotationBinder:418) - Binding entity from annotated class: com.vtc.gamerid.gateway.common.dao.entity.TblUserEventGame
2019-10-24 18:59:33,200  INFO (org.hibernate.cfg.annotations.EntityBinder:424) - Bind entity com.vtc.gamerid.gateway.common.dao.entity.TblUserEventGame on table tblUserEventGame
2019-10-24 18:59:33,206  INFO (org.hibernate.cfg.AnnotationBinder:418) - Binding entity from annotated class: com.vtc.gamerid.gateway.hibernate.TblAdbSetting
2019-10-24 18:59:33,206  INFO (org.hibernate.cfg.annotations.EntityBinder:424) - Bind entity com.vtc.gamerid.gateway.hibernate.TblAdbSetting on table tblAdbSetting
2019-10-24 18:59:33,208  INFO (org.hibernate.cfg.AnnotationBinder:418) - Binding entity from annotated class: com.vtc.gamerid.gateway.hibernate.TblAuctionEvent
2019-10-24 18:59:33,209  INFO (org.hibernate.cfg.annotations.EntityBinder:424) - Bind entity com.vtc.gamerid.gateway.hibernate.TblAuctionEvent on table tblAuctionEvent
2019-10-24 18:59:33,213  INFO (org.hibernate.cfg.AnnotationBinder:418) - Binding entity from annotated class: com.vtc.gamerid.gateway.hibernate.TblAuctionHistory
2019-10-24 18:59:33,214  INFO (org.hibernate.cfg.annotations.EntityBinder:424) - Bind entity com.vtc.gamerid.gateway.hibernate.TblAuctionHistory on table tblAuctionHistory
2019-10-24 18:59:33,216  INFO (org.hibernate.cfg.AnnotationBinder:418) - Binding entity from annotated class: com.vtc.gamerid.gateway.hibernate.TblAuditLog
2019-10-24 18:59:33,219  INFO (org.hibernate.cfg.annotations.EntityBinder:424) - Bind entity com.vtc.gamerid.gateway.hibernate.TblAuditLog on table tblAuditLog
2019-10-24 18:59:33,223  INFO (org.hibernate.cfg.AnnotationBinder:418) - Binding entity from annotated class: com.vtc.gamerid.gateway.hibernate.TblCategory
2019-10-24 18:59:33,224  INFO (org.hibernate.cfg.annotations.EntityBinder:424) - Bind entity com.vtc.gamerid.gateway.hibernate.TblCategory on table tblCategory
2019-10-24 18:59:33,247  INFO (org.hibernate.cfg.AnnotationBinder:418) - Binding entity from annotated class: com.vtc.gamerid.gateway.hibernate.TblChannel
2019-10-24 18:59:33,247  INFO (org.hibernate.cfg.annotations.EntityBinder:424) - Bind entity com.vtc.gamerid.gateway.hibernate.TblChannel on table tblChannel
2019-10-24 18:59:33,253  INFO (org.hibernate.cfg.AnnotationBinder:418) - Binding entity from annotated class: com.vtc.gamerid.gateway.hibernate.TblCheckinHistory
2019-10-24 18:59:33,254  INFO (org.hibernate.cfg.annotations.EntityBinder:424) - Bind entity com.vtc.gamerid.gateway.hibernate.TblCheckinHistory on table tblCheckinHistory
2019-10-24 18:59:33,256  INFO (org.hibernate.cfg.AnnotationBinder:418) - Binding entity from annotated class: com.vtc.gamerid.gateway.hibernate.TblCheckinItem
2019-10-24 18:59:33,258  INFO (org.hibernate.cfg.annotations.EntityBinder:424) - Bind entity com.vtc.gamerid.gateway.hibernate.TblCheckinItem on table tblCheckinItem
2019-10-24 18:59:33,260  INFO (org.hibernate.cfg.AnnotationBinder:418) - Binding entity from annotated class: com.vtc.gamerid.gateway.hibernate.TblDistributeGiftcodeHistory
2019-10-24 18:59:33,261  INFO (org.hibernate.cfg.annotations.EntityBinder:424) - Bind entity com.vtc.gamerid.gateway.hibernate.TblDistributeGiftcodeHistory on table tblDistributeGiftcodeHistory
2019-10-24 18:59:33,262  INFO (org.hibernate.cfg.AnnotationBinder:418) - Binding entity from annotated class: com.vtc.gamerid.gateway.hibernate.TblFunction
2019-10-24 18:59:33,263  INFO (org.hibernate.cfg.annotations.EntityBinder:424) - Bind entity com.vtc.gamerid.gateway.hibernate.TblFunction on table tblFunction
2019-10-24 18:59:33,265  INFO (org.hibernate.cfg.AnnotationBinder:418) - Binding entity from annotated class: com.vtc.gamerid.gateway.hibernate.TblGiftcode
2019-10-24 18:59:33,266  INFO (org.hibernate.cfg.annotations.EntityBinder:424) - Bind entity com.vtc.gamerid.gateway.hibernate.TblGiftcode on table tblGiftcode
2019-10-24 18:59:33,272  INFO (org.hibernate.cfg.AnnotationBinder:418) - Binding entity from annotated class: com.vtc.gamerid.gateway.hibernate.TblGiftcodeCondition
2019-10-24 18:59:33,273  INFO (org.hibernate.cfg.annotations.EntityBinder:424) - Bind entity com.vtc.gamerid.gateway.hibernate.TblGiftcodeCondition on table tblGiftcodeCondition
2019-10-24 18:59:33,274  INFO (org.hibernate.cfg.AnnotationBinder:418) - Binding entity from annotated class: com.vtc.gamerid.gateway.hibernate.TblGiftcodeEvent
2019-10-24 18:59:33,276  INFO (org.hibernate.cfg.annotations.EntityBinder:424) - Bind entity com.vtc.gamerid.gateway.hibernate.TblGiftcodeEvent on table tblGiftcodeEvent
2019-10-24 18:59:33,282  INFO (org.hibernate.cfg.AnnotationBinder:418) - Binding entity from annotated class: com.vtc.gamerid.gateway.hibernate.TblGroupRole
2019-10-24 18:59:33,283  INFO (org.hibernate.cfg.annotations.EntityBinder:424) - Bind entity com.vtc.gamerid.gateway.hibernate.TblGroupRole on table tblGroupRole
2019-10-24 18:59:33,286  INFO (org.hibernate.cfg.AnnotationBinder:418) - Binding entity from annotated class: com.vtc.gamerid.gateway.hibernate.TblInstall
2019-10-24 18:59:33,288  INFO (org.hibernate.cfg.annotations.EntityBinder:424) - Bind entity com.vtc.gamerid.gateway.hibernate.TblInstall on table tblInstall
2019-10-24 18:59:33,290  INFO (org.hibernate.cfg.AnnotationBinder:418) - Binding entity from annotated class: com.vtc.gamerid.gateway.hibernate.TblItemOfSpin
2019-10-24 18:59:33,291  INFO (org.hibernate.cfg.annotations.EntityBinder:424) - Bind entity com.vtc.gamerid.gateway.hibernate.TblItemOfSpin on table tblItemOfSpin
2019-10-24 18:59:33,293  INFO (org.hibernate.cfg.AnnotationBinder:418) - Binding entity from annotated class: com.vtc.gamerid.gateway.hibernate.TblLuckySpin
2019-10-24 18:59:33,294  INFO (org.hibernate.cfg.annotations.EntityBinder:424) - Bind entity com.vtc.gamerid.gateway.hibernate.TblLuckySpin on table tblLuckySpin
2019-10-24 18:59:33,299  INFO (org.hibernate.cfg.AnnotationBinder:418) - Binding entity from annotated class: com.vtc.gamerid.gateway.hibernate.TblLuckySpinSetting
2019-10-24 18:59:33,300  INFO (org.hibernate.cfg.annotations.EntityBinder:424) - Bind entity com.vtc.gamerid.gateway.hibernate.TblLuckySpinSetting on table tblLuckySpinSetting
2019-10-24 18:59:33,305  INFO (org.hibernate.cfg.AnnotationBinder:418) - Binding entity from annotated class: com.vtc.gamerid.gateway.hibernate.TblMission
2019-10-24 18:59:33,306  INFO (org.hibernate.cfg.annotations.EntityBinder:424) - Bind entity com.vtc.gamerid.gateway.hibernate.TblMission on table tblMission
2019-10-24 18:59:33,313  INFO (org.hibernate.cfg.AnnotationBinder:418) - Binding entity from annotated class: com.vtc.gamerid.gateway.hibernate.TblMissionUser
2019-10-24 18:59:33,315  INFO (org.hibernate.cfg.annotations.EntityBinder:424) - Bind entity com.vtc.gamerid.gateway.hibernate.TblMissionUser on table tblMissionUser
2019-10-24 18:59:33,323  INFO (org.hibernate.cfg.AnnotationBinder:418) - Binding entity from annotated class: com.vtc.gamerid.gateway.hibernate.TblNewsOverview
2019-10-24 18:59:33,325  INFO (org.hibernate.cfg.annotations.EntityBinder:424) - Bind entity com.vtc.gamerid.gateway.hibernate.TblNewsOverview on table tblNewsOverview
2019-10-24 18:59:33,330  INFO (org.hibernate.cfg.AnnotationBinder:418) - Binding entity from annotated class: com.vtc.gamerid.gateway.hibernate.TblPublisher
2019-10-24 18:59:33,332  INFO (org.hibernate.cfg.annotations.EntityBinder:424) - Bind entity com.vtc.gamerid.gateway.hibernate.TblPublisher on table tblPublisher
2019-10-24 18:59:33,337  INFO (org.hibernate.cfg.AnnotationBinder:418) - Binding entity from annotated class: com.vtc.gamerid.gateway.hibernate.TblSearchHistory
2019-10-24 18:59:33,340  INFO (org.hibernate.cfg.annotations.EntityBinder:424) - Bind entity com.vtc.gamerid.gateway.hibernate.TblSearchHistory on table tblSearchHistory
2019-10-24 18:59:33,345  INFO (org.hibernate.cfg.AnnotationBinder:418) - Binding entity from annotated class: com.vtc.gamerid.gateway.hibernate.TblShoping
2019-10-24 18:59:33,346  INFO (org.hibernate.cfg.annotations.EntityBinder:424) - Bind entity com.vtc.gamerid.gateway.hibernate.TblShoping on table tblShoping
2019-10-24 18:59:33,350  INFO (org.hibernate.cfg.AnnotationBinder:418) - Binding entity from annotated class: com.vtc.gamerid.gateway.hibernate.TblShopingHistory
2019-10-24 18:59:33,354  INFO (org.hibernate.cfg.annotations.EntityBinder:424) - Bind entity com.vtc.gamerid.gateway.hibernate.TblShopingHistory on table tblShopingHistory
2019-10-24 18:59:33,356  INFO (org.hibernate.cfg.AnnotationBinder:418) - Binding entity from annotated class: com.vtc.gamerid.gateway.hibernate.TblShopingItem
2019-10-24 18:59:33,357  INFO (org.hibernate.cfg.annotations.EntityBinder:424) - Bind entity com.vtc.gamerid.gateway.hibernate.TblShopingItem on table tblShopingItem
2019-10-24 18:59:33,360  INFO (org.hibernate.cfg.AnnotationBinder:418) - Binding entity from annotated class: com.vtc.gamerid.gateway.hibernate.TblShopingPromotion
2019-10-24 18:59:33,362  INFO (org.hibernate.cfg.annotations.EntityBinder:424) - Bind entity com.vtc.gamerid.gateway.hibernate.TblShopingPromotion on table tblShopingPromotion
2019-10-24 18:59:33,366  INFO (org.hibernate.cfg.AnnotationBinder:418) - Binding entity from annotated class: com.vtc.gamerid.gateway.hibernate.TblShopItemPro
2019-10-24 18:59:33,367  INFO (org.hibernate.cfg.annotations.EntityBinder:424) - Bind entity com.vtc.gamerid.gateway.hibernate.TblShopItemPro on table tblShopItemPro
2019-10-24 18:59:33,369  INFO (org.hibernate.cfg.AnnotationBinder:418) - Binding entity from annotated class: com.vtc.gamerid.gateway.hibernate.TblSpin_Item
2019-10-24 18:59:33,372  INFO (org.hibernate.cfg.annotations.EntityBinder:424) - Bind entity com.vtc.gamerid.gateway.hibernate.TblSpin_Item on table tblSpin_Item
2019-10-24 18:59:33,374  INFO (org.hibernate.cfg.AnnotationBinder:418) - Binding entity from annotated class: com.vtc.gamerid.gateway.hibernate.TblSpinHistory
2019-10-24 18:59:33,376  INFO (org.hibernate.cfg.annotations.EntityBinder:424) - Bind entity com.vtc.gamerid.gateway.hibernate.TblSpinHistory on table tblSpinHistory
2019-10-24 18:59:33,378  INFO (org.hibernate.cfg.AnnotationBinder:418) - Binding entity from annotated class: com.vtc.gamerid.gateway.hibernate.TblSplayCard
2019-10-24 18:59:33,379  INFO (org.hibernate.cfg.annotations.EntityBinder:424) - Bind entity com.vtc.gamerid.gateway.hibernate.TblSplayCard on table tblSplayCard
2019-10-24 18:59:33,381  INFO (org.hibernate.cfg.AnnotationBinder:418) - Binding entity from annotated class: com.vtc.gamerid.gateway.hibernate.TblSplayGame
2019-10-24 18:59:33,382  INFO (org.hibernate.cfg.annotations.EntityBinder:424) - Bind entity com.vtc.gamerid.gateway.hibernate.TblSplayGame on table tblSplayGame
2019-10-24 18:59:33,387  INFO (org.hibernate.cfg.AnnotationBinder:418) - Binding entity from annotated class: com.vtc.gamerid.gateway.hibernate.TblSplayGiftcode
2019-10-24 18:59:33,388  INFO (org.hibernate.cfg.annotations.EntityBinder:424) - Bind entity com.vtc.gamerid.gateway.hibernate.TblSplayGiftcode on table tblSplayGiftcode
2019-10-24 18:59:33,390  INFO (org.hibernate.cfg.AnnotationBinder:418) - Binding entity from annotated class: com.vtc.gamerid.gateway.hibernate.TblSplayGiftcodeEvent
2019-10-24 18:59:33,392  INFO (org.hibernate.cfg.annotations.EntityBinder:424) - Bind entity com.vtc.gamerid.gateway.hibernate.TblSplayGiftcodeEvent on table tblSplayGiftcodeEvent
2019-10-24 18:59:33,395  INFO (org.hibernate.cfg.AnnotationBinder:418) - Binding entity from annotated class: com.vtc.gamerid.gateway.hibernate.TblSplayTag
2019-10-24 18:59:33,396  INFO (org.hibernate.cfg.annotations.EntityBinder:424) - Bind entity com.vtc.gamerid.gateway.hibernate.TblSplayTag on table tblSplayTag
2019-10-24 18:59:33,397  INFO (org.hibernate.cfg.AnnotationBinder:418) - Binding entity from annotated class: com.vtc.gamerid.gateway.hibernate.TblSplayTransaction
2019-10-24 18:59:33,398  INFO (org.hibernate.cfg.annotations.EntityBinder:424) - Bind entity com.vtc.gamerid.gateway.hibernate.TblSplayTransaction on table tblSplayTransaction
2019-10-24 18:59:33,400  INFO (org.hibernate.cfg.AnnotationBinder:418) - Binding entity from annotated class: com.vtc.gamerid.gateway.hibernate.TblSysConfig
2019-10-24 18:59:33,405  INFO (org.hibernate.cfg.annotations.EntityBinder:424) - Bind entity com.vtc.gamerid.gateway.hibernate.TblSysConfig on table tblSysConfig
2019-10-24 18:59:33,408  INFO (org.hibernate.cfg.AnnotationBinder:418) - Binding entity from annotated class: com.vtc.gamerid.gateway.hibernate.TblTags
2019-10-24 18:59:33,409  INFO (org.hibernate.cfg.annotations.EntityBinder:424) - Bind entity com.vtc.gamerid.gateway.hibernate.TblTags on table tblTags
2019-10-24 18:59:33,411  INFO (org.hibernate.cfg.AnnotationBinder:418) - Binding entity from annotated class: com.vtc.gamerid.gateway.hibernate.TblTransactionHistory
2019-10-24 18:59:33,413  INFO (org.hibernate.cfg.annotations.EntityBinder:424) - Bind entity com.vtc.gamerid.gateway.hibernate.TblTransactionHistory on table tblTransactionHistory
2019-10-24 18:59:33,417  INFO (org.hibernate.cfg.AnnotationBinder:418) - Binding entity from annotated class: com.vtc.gamerid.gateway.hibernate.TblUserGameRID
2019-10-24 18:59:33,419  INFO (org.hibernate.cfg.annotations.EntityBinder:424) - Bind entity com.vtc.gamerid.gateway.hibernate.TblUserGameRID on table tblUserGameRID
2019-10-24 18:59:33,421  INFO (org.hibernate.cfg.AnnotationBinder:418) - Binding entity from annotated class: com.vtc.gamerid.gateway.hibernate.TblUserInfo
2019-10-24 18:59:33,422  INFO (org.hibernate.cfg.annotations.EntityBinder:424) - Bind entity com.vtc.gamerid.gateway.hibernate.TblUserInfo on table tblUserInfo
2019-10-24 18:59:33,424  INFO (org.hibernate.cfg.AnnotationBinder:418) - Binding entity from annotated class: com.vtc.gamerid.gateway.hibernate.TblUserPointGame
2019-10-24 18:59:33,426  INFO (org.hibernate.cfg.annotations.EntityBinder:424) - Bind entity com.vtc.gamerid.gateway.hibernate.TblUserPointGame on table tblUserPointGame
2019-10-24 18:59:33,428  INFO (org.hibernate.cfg.AnnotationBinder:418) - Binding entity from annotated class: com.vtc.gamerid.gateway.hibernate.TblUserSSO
2019-10-24 18:59:33,429  INFO (org.hibernate.cfg.annotations.EntityBinder:424) - Bind entity com.vtc.gamerid.gateway.hibernate.TblUserSSO on table tblUserSSO
2019-10-24 18:59:33,431  INFO (org.hibernate.cfg.AnnotationBinder:418) - Binding entity from annotated class: com.vtc.gamerid.gateway.hibernate.TblUserStore
2019-10-24 18:59:33,431  INFO (org.hibernate.cfg.annotations.EntityBinder:424) - Bind entity com.vtc.gamerid.gateway.hibernate.TblUserStore on table tblUserStore
2019-10-24 18:59:33,433  INFO (org.hibernate.cfg.AnnotationBinder:418) - Binding entity from annotated class: com.vtc.gamerid.gateway.hibernate.TblUserTurnSpin
2019-10-24 18:59:33,438  INFO (org.hibernate.cfg.annotations.EntityBinder:424) - Bind entity com.vtc.gamerid.gateway.hibernate.TblUserTurnSpin on table tblUserTurnSpin
2019-10-24 18:59:33,440  INFO (org.hibernate.cfg.AnnotationBinder:418) - Binding entity from annotated class: com.vtc.gamerid.gateway.hibernate.TblUserVTC
2019-10-24 18:59:33,441  INFO (org.hibernate.cfg.annotations.EntityBinder:424) - Bind entity com.vtc.gamerid.gateway.hibernate.TblUserVTC on table tblUserVTC
2019-10-24 18:59:33,490  INFO (org.hibernate.cfg.annotations.CollectionBinder:651) - Mapping collection: com.vtc.gamerid.gateway.hibernate.TblLuckySpin.spinItems -> tblSpin_Item
2019-10-24 18:59:33,496  INFO (org.hibernate.cfg.AnnotationConfiguration:365) - Hibernate Validator not found: ignoring
2019-10-24 18:59:33,496  INFO (org.springframework.orm.hibernate3.annotation.AnnotationSessionFactoryBean:780) - Building new Hibernate SessionFactory
2019-10-24 18:59:33,509  INFO (org.hibernate.connection.ConnectionProviderFactory:72) - Initializing connection provider: org.springframework.orm.hibernate3.LocalDataSourceConnectionProvider
2019-10-24 18:59:33,762  INFO (org.hibernate.cfg.SettingsFactory:89) - RDBMS: MySQL, version: 5.7.28
2019-10-24 18:59:33,763  INFO (org.hibernate.cfg.SettingsFactory:90) - JDBC driver: MySQL Connector Java, version: mysql-connector-java-5.1.46 ( Revision: 9cc87a48e75c2d2e87c1a293b2862ce651cb256e )
2019-10-24 18:59:33,776  INFO (org.hibernate.dialect.Dialect:152) - Using dialect: org.hibernate.dialect.MySQL5Dialect
2019-10-24 18:59:33,779  INFO (org.hibernate.transaction.TransactionFactoryFactory:34) - Transaction strategy: org.springframework.orm.hibernate3.SpringTransactionFactory
2019-10-24 18:59:33,782  INFO (org.hibernate.transaction.TransactionManagerLookupFactory:33) - No TransactionManagerLookup configured (in JTA environment, use of read-write or transactional second-level cache is not recommended)
2019-10-24 18:59:33,783  INFO (org.hibernate.cfg.SettingsFactory:143) - Automatic flush during beforeCompletion(): disabled
2019-10-24 18:59:33,784  INFO (org.hibernate.cfg.SettingsFactory:147) - Automatic session close at end of transaction: disabled
2019-10-24 18:59:33,786  INFO (org.hibernate.cfg.SettingsFactory:154) - JDBC batch size: 15
2019-10-24 18:59:33,787  INFO (org.hibernate.cfg.SettingsFactory:157) - JDBC batch updates for versioned data: disabled
2019-10-24 18:59:33,788  INFO (org.hibernate.cfg.SettingsFactory:162) - Scrollable result sets: enabled
2019-10-24 18:59:33,789  INFO (org.hibernate.cfg.SettingsFactory:170) - JDBC3 getGeneratedKeys(): enabled
2019-10-24 18:59:33,790  INFO (org.hibernate.cfg.SettingsFactory:178) - Connection release mode: auto
2019-10-24 18:59:33,791  INFO (org.hibernate.cfg.SettingsFactory:202) - Maximum outer join fetch depth: 2
2019-10-24 18:59:33,791  INFO (org.hibernate.cfg.SettingsFactory:205) - Default batch fetch size: 1
2019-10-24 18:59:33,793  INFO (org.hibernate.cfg.SettingsFactory:209) - Generate SQL with comments: disabled
2019-10-24 18:59:33,794  INFO (org.hibernate.cfg.SettingsFactory:213) - Order SQL updates by primary key: disabled
2019-10-24 18:59:33,795  INFO (org.hibernate.cfg.SettingsFactory:217) - Order SQL inserts for batching: disabled
2019-10-24 18:59:33,796  INFO (org.hibernate.cfg.SettingsFactory:386) - Query translator: org.hibernate.hql.ast.ASTQueryTranslatorFactory
2019-10-24 18:59:33,798  INFO (org.hibernate.hql.ast.ASTQueryTranslatorFactory:24) - Using ASTQueryTranslatorFactory
2019-10-24 18:59:33,799  INFO (org.hibernate.cfg.SettingsFactory:225) - Query language substitutions: {}
2019-10-24 18:59:33,804  INFO (org.hibernate.cfg.SettingsFactory:230) - JPA-QL strict compliance: disabled
2019-10-24 18:59:33,805  INFO (org.hibernate.cfg.SettingsFactory:235) - Second-level cache: enabled
2019-10-24 18:59:33,806  INFO (org.hibernate.cfg.SettingsFactory:239) - Query cache: disabled
2019-10-24 18:59:33,807  INFO (org.hibernate.cfg.SettingsFactory:373) - Cache provider: org.hibernate.cache.NoCacheProvider
2019-10-24 18:59:33,807  INFO (org.hibernate.cfg.SettingsFactory:254) - Optimize cache for minimal puts: disabled
2019-10-24 18:59:33,808  INFO (org.hibernate.cfg.SettingsFactory:263) - Structured second-level cache entries: disabled
2019-10-24 18:59:33,811  INFO (org.hibernate.cfg.SettingsFactory:283) - Echoing all SQL to stdout
2019-10-24 18:59:33,812  INFO (org.hibernate.cfg.SettingsFactory:290) - Statistics: disabled
2019-10-24 18:59:33,812  INFO (org.hibernate.cfg.SettingsFactory:294) - Deleted entity synthetic identifier rollback: disabled
2019-10-24 18:59:33,815  INFO (org.hibernate.cfg.SettingsFactory:309) - Default entity-mode: pojo
2019-10-24 18:59:33,816  INFO (org.hibernate.cfg.SettingsFactory:313) - Named query checking : enabled
2019-10-24 18:59:33,838  INFO (org.hibernate.impl.SessionFactoryImpl:161) - building session factory
2019-10-24 18:59:34,197  INFO (org.hibernate.impl.SessionFactoryObjectFactory:82) - Not binding factory to JNDI, no JNDI name configured
2019-10-24 18:59:36,858  INFO (org.springframework.security.oauth2.provider.token.store.JwtAccessTokenConverter:295) - Signing and verification RSA keys match
2019-10-24 18:59:37,909  INFO (org.springframework.security.oauth2.provider.endpoint.FrameworkEndpointHandlerMapping:543) - Mapped "{[/oauth/authorize],methods=[POST],params=[user_oauth_approval]}" onto public org.springframework.web.servlet.View org.springframework.security.oauth2.provider.endpoint.AuthorizationEndpoint.approveOrDeny(java.util.Map<java.lang.String, java.lang.String>,java.util.Map<java.lang.String, ?>,org.springframework.web.bind.support.SessionStatus,java.security.Principal)
2019-10-24 18:59:37,912  INFO (org.springframework.security.oauth2.provider.endpoint.FrameworkEndpointHandlerMapping:543) - Mapped "{[/oauth/authorize]}" onto public org.springframework.web.servlet.ModelAndView org.springframework.security.oauth2.provider.endpoint.AuthorizationEndpoint.authorize(java.util.Map<java.lang.String, java.lang.Object>,java.util.Map<java.lang.String, java.lang.String>,org.springframework.web.bind.support.SessionStatus,java.security.Principal)
2019-10-24 18:59:37,916  INFO (org.springframework.security.oauth2.provider.endpoint.FrameworkEndpointHandlerMapping:543) - Mapped "{[/lgi],methods=[POST]}" onto public org.springframework.http.ResponseEntity<org.springframework.security.oauth2.common.OAuth2AccessToken> org.springframework.security.oauth2.provider.endpoint.TokenEndpoint.postAccessToken(java.security.Principal,java.util.Map<java.lang.String, java.lang.String>) throws org.springframework.web.HttpRequestMethodNotSupportedException
2019-10-24 18:59:37,917  INFO (org.springframework.security.oauth2.provider.endpoint.FrameworkEndpointHandlerMapping:543) - Mapped "{[/lgi],methods=[GET]}" onto public org.springframework.http.ResponseEntity<org.springframework.security.oauth2.common.OAuth2AccessToken> org.springframework.security.oauth2.provider.endpoint.TokenEndpoint.getAccessToken(java.security.Principal,java.util.Map<java.lang.String, java.lang.String>) throws org.springframework.web.HttpRequestMethodNotSupportedException
2019-10-24 18:59:37,922  INFO (org.springframework.security.oauth2.provider.endpoint.FrameworkEndpointHandlerMapping:543) - Mapped "{[/oauth/check_token]}" onto public java.util.Map<java.lang.String, ?> org.springframework.security.oauth2.provider.endpoint.CheckTokenEndpoint.checkToken(java.lang.String)
2019-10-24 18:59:37,924  INFO (org.springframework.security.oauth2.provider.endpoint.FrameworkEndpointHandlerMapping:543) - Mapped "{[/oauth/confirm_access]}" onto public org.springframework.web.servlet.ModelAndView org.springframework.security.oauth2.provider.endpoint.WhitelabelApprovalEndpoint.getAccessConfirmation(java.util.Map<java.lang.String, java.lang.Object>,javax.servlet.http.HttpServletRequest) throws java.lang.Exception
2019-10-24 18:59:37,926  INFO (org.springframework.security.oauth2.provider.endpoint.FrameworkEndpointHandlerMapping:543) - Mapped "{[/oauth/error]}" onto public org.springframework.web.servlet.ModelAndView org.springframework.security.oauth2.provider.endpoint.WhitelabelErrorEndpoint.handleError(javax.servlet.http.HttpServletRequest)
2019-10-24 18:59:37,928  INFO (org.springframework.security.oauth2.provider.endpoint.FrameworkEndpointHandlerMapping:543) - Mapped "{[/oauth/token_key],methods=[GET]}" onto public java.util.Map<java.lang.String, java.lang.String> org.springframework.security.oauth2.provider.endpoint.TokenKeyEndpoint.getKey(java.security.Principal)
2019-10-24 18:59:38,045  INFO (org.springframework.web.servlet.mvc.method.annotation.RequestMappingHandlerMapping:543) - Mapped "{[/admin/adbSetting],methods=[PUT]}" onto public org.springframework.http.ResponseEntity<?> com.vtc.gamerid.gateway.adbSetting.controller.AdbSettingController.updateAdbSetting(com.vtc.gamerid.gateway.adbSetting.bean.AdbSettingRequest)
2019-10-24 18:59:38,047  INFO (org.springframework.web.servlet.mvc.method.annotation.RequestMappingHandlerMapping:543) - Mapped "{[/admin/adbSetting],methods=[GET]}" onto public org.springframework.http.ResponseEntity<?> com.vtc.gamerid.gateway.adbSetting.controller.AdbSettingController.getAdbSetting(com.vtc.gamerid.gateway.adbSetting.bean.AdbSettingBean)
2019-10-24 18:59:38,055  INFO (org.springframework.web.servlet.mvc.method.annotation.RequestMappingHandlerMapping:543) - Mapped "{[/admin/auction],methods=[DELETE]}" onto public org.springframework.http.ResponseEntity<?> com.vtc.gamerid.gateway.auction.controller.AdminAuctionController.deleteAuction(int)
2019-10-24 18:59:38,057  INFO (org.springframework.web.servlet.mvc.method.annotation.RequestMappingHandlerMapping:543) - Mapped "{[/admin/auction],methods=[POST]}" onto public org.springframework.http.ResponseEntity<?> com.vtc.gamerid.gateway.auction.controller.AdminAuctionController.createAuction(com.vtc.gamerid.gateway.auction.bean.AdminAuctionBean)
2019-10-24 18:59:38,059  INFO (org.springframework.web.servlet.mvc.method.annotation.RequestMappingHandlerMapping:543) - Mapped "{[/admin/auction],methods=[PUT]}" onto public org.springframework.http.ResponseEntity<?> com.vtc.gamerid.gateway.auction.controller.AdminAuctionController.updateAuction(com.vtc.gamerid.gateway.auction.bean.AdminAuctionBean)
2019-10-24 18:59:38,060  INFO (org.springframework.web.servlet.mvc.method.annotation.RequestMappingHandlerMapping:543) - Mapped "{[/admin/auction],methods=[GET]}" onto public org.springframework.http.ResponseEntity<?> com.vtc.gamerid.gateway.auction.controller.AdminAuctionController.getAuction(com.vtc.gamerid.gateway.auction.bean.AdminAuctionFilter)
2019-10-24 18:59:38,061  INFO (org.springframework.web.servlet.mvc.method.annotation.RequestMappingHandlerMapping:543) - Mapped "{[/admin/get-winner],methods=[GET]}" onto public org.springframework.http.ResponseEntity<?> com.vtc.gamerid.gateway.auction.controller.AdminAuctionHistoryController.getWinner(java.lang.Long)
2019-10-24 18:59:38,063  INFO (org.springframework.web.servlet.mvc.method.annotation.RequestMappingHandlerMapping:543) - Mapped "{[/admin/auctionHistory],methods=[GET]}" onto public org.springframework.http.ResponseEntity<?> com.vtc.gamerid.gateway.auction.controller.AdminAuctionHistoryController.getAuctionHistory(com.vtc.gamerid.gateway.auction.bean.AdminAuctionHistoryFilter)
2019-10-24 18:59:38,064  INFO (org.springframework.web.servlet.mvc.method.annotation.RequestMappingHandlerMapping:543) - Mapped "{[/admin/rollback-winner],methods=[POST]}" onto public org.springframework.http.ResponseEntity<?> com.vtc.gamerid.gateway.auction.controller.AdminAuctionHistoryController.rollbackWinner(com.vtc.gamerid.gateway.auction.bean.RollbackWinnerRequest)
2019-10-24 18:59:38,068  INFO (org.springframework.web.servlet.mvc.method.annotation.RequestMappingHandlerMapping:543) - Mapped "{[/anonymous/auctionHistory],methods=[GET]}" onto public org.springframework.http.ResponseEntity<?> com.vtc.gamerid.gateway.auction.controller.ClientAuctionController.anonymous_auctionHistory(com.vtc.gamerid.gateway.auction.bean.ClientAuctionHistoryBean)
2019-10-24 18:59:38,072  INFO (org.springframework.web.servlet.mvc.method.annotation.RequestMappingHandlerMapping:543) - Mapped "{[/auction],methods=[POST]}" onto public org.springframework.http.ResponseEntity<?> com.vtc.gamerid.gateway.auction.controller.ClientAuctionController.actionAuction(com.vtc.gamerid.gateway.auction.bean.ClientActionAuctionRequest)
2019-10-24 18:59:38,073  INFO (org.springframework.web.servlet.mvc.method.annotation.RequestMappingHandlerMapping:543) - Mapped "{[/auction],methods=[GET]}" onto public org.springframework.http.ResponseEntity<?> com.vtc.gamerid.gateway.auction.controller.ClientAuctionController.getAuction(com.vtc.gamerid.gateway.auction.bean.ClientAuctionEventFilter)
2019-10-24 18:59:38,074  INFO (org.springframework.web.servlet.mvc.method.annotation.RequestMappingHandlerMapping:543) - Mapped "{[/anonymous/auction],methods=[GET]}" onto public org.springframework.http.ResponseEntity<?> com.vtc.gamerid.gateway.auction.controller.ClientAuctionController.anonymous_getAuction(com.vtc.gamerid.gateway.auction.bean.ClientAuctionEventFilter)
2019-10-24 18:59:38,079  INFO (org.springframework.web.servlet.mvc.method.annotation.RequestMappingHandlerMapping:543) - Mapped "{[/admin/category],methods=[GET]}" onto public org.springframework.http.ResponseEntity<?> com.vtc.gamerid.gateway.category.controller.AdminCategoryController.adminGetCategory(com.vtc.gamerid.gateway.category.bean.AdminCategoryRequest)
2019-10-24 18:59:38,080  INFO (org.springframework.web.servlet.mvc.method.annotation.RequestMappingHandlerMapping:543) - Mapped "{[/admin/category],methods=[DELETE]}" onto public org.springframework.http.ResponseEntity<?> com.vtc.gamerid.gateway.category.controller.AdminCategoryController.adminDeleteCategory(int)
2019-10-24 18:59:38,082  INFO (org.springframework.web.servlet.mvc.method.annotation.RequestMappingHandlerMapping:543) - Mapped "{[/admin/positionCategory],methods=[POST]}" onto public org.springframework.http.ResponseEntity<?> com.vtc.gamerid.gateway.category.controller.AdminCategoryController.adminUpdatePositionCategory(java.util.Map<java.lang.Integer, java.lang.Integer>)
2019-10-24 18:59:38,083  INFO (org.springframework.web.servlet.mvc.method.annotation.RequestMappingHandlerMapping:543) - Mapped "{[/admin/category],methods=[POST]}" onto public org.springframework.http.ResponseEntity<?> com.vtc.gamerid.gateway.category.controller.AdminCategoryController.adminCreateCategory(com.vtc.gamerid.gateway.category.bean.AdminCategoryBean)
2019-10-24 18:59:38,084  INFO (org.springframework.web.servlet.mvc.method.annotation.RequestMappingHandlerMapping:543) - Mapped "{[/admin/category],methods=[PUT]}" onto public org.springframework.http.ResponseEntity<?> com.vtc.gamerid.gateway.category.controller.AdminCategoryController.adminUpdateCategory(com.vtc.gamerid.gateway.category.bean.AdminCategoryBean)
2019-10-24 18:59:38,086  INFO (org.springframework.web.servlet.mvc.method.annotation.RequestMappingHandlerMapping:543) - Mapped "{[/admin/channel],methods=[DELETE]}" onto public org.springframework.http.ResponseEntity<?> com.vtc.gamerid.gateway.channel.controller.AdminChannelController.deleteChannel(java.util.Map<java.lang.String, java.lang.Object>)
2019-10-24 18:59:38,089  INFO (org.springframework.web.servlet.mvc.method.annotation.RequestMappingHandlerMapping:543) - Mapped "{[/admin/channel],methods=[POST]}" onto public org.springframework.http.ResponseEntity<?> com.vtc.gamerid.gateway.channel.controller.AdminChannelController.createChannel(java.util.Map<java.lang.String, java.lang.Object>)
2019-10-24 18:59:38,091  INFO (org.springframework.web.servlet.mvc.method.annotation.RequestMappingHandlerMapping:543) - Mapped "{[/admin/channelPosition],methods=[POST]}" onto public org.springframework.http.ResponseEntity<?> com.vtc.gamerid.gateway.channel.controller.AdminChannelController.channelPosition(java.util.Map<java.lang.Integer, java.lang.Integer>)
2019-10-24 18:59:38,091  INFO (org.springframework.web.servlet.mvc.method.annotation.RequestMappingHandlerMapping:543) - Mapped "{[/admin/channel],methods=[GET]}" onto public org.springframework.http.ResponseEntity<?> com.vtc.gamerid.gateway.channel.controller.AdminChannelController.adminGetChannel(com.vtc.gamerid.gateway.channel.bean.ClientChannelRequest)
2019-10-24 18:59:38,092  INFO (org.springframework.web.servlet.mvc.method.annotation.RequestMappingHandlerMapping:543) - Mapped "{[/admin/channel],methods=[PUT]}" onto public org.springframework.http.ResponseEntity<?> com.vtc.gamerid.gateway.channel.controller.AdminChannelController.updateChannel(java.util.Map<java.lang.String, java.lang.Object>)
2019-10-24 18:59:38,093  INFO (org.springframework.web.servlet.mvc.method.annotation.RequestMappingHandlerMapping:543) - Mapped "{[/anonymous/channels],methods=[GET]}" onto public org.springframework.http.ResponseEntity<?> com.vtc.gamerid.gateway.channel.controller.ClientChannelController.getChannel(com.vtc.gamerid.gateway.channel.bean.ClientChannelRequest)
2019-10-24 18:59:38,094  INFO (org.springframework.web.servlet.mvc.method.annotation.RequestMappingHandlerMapping:543) - Mapped "{[/channels],methods=[GET]}" onto public org.springframework.http.ResponseEntity<?> com.vtc.gamerid.gateway.channel.controller.ClientChannelController.clientGetChannel(com.vtc.gamerid.gateway.channel.bean.ClientChannelRequest)
2019-10-24 18:59:38,099  INFO (org.springframework.web.servlet.mvc.method.annotation.RequestMappingHandlerMapping:543) - Mapped "{[/admin/package],methods=[PUT]}" onto public org.springframework.http.ResponseEntity<?> com.vtc.gamerid.gateway.channel.controller.PackageManagerController.updatePackage(java.util.Map<java.lang.String, java.lang.Object>)
2019-10-24 18:59:38,100  INFO (org.springframework.web.servlet.mvc.method.annotation.RequestMappingHandlerMapping:543) - Mapped "{[/admin/package],methods=[DELETE]}" onto public org.springframework.http.ResponseEntity<?> com.vtc.gamerid.gateway.channel.controller.PackageManagerController.deletePackage(java.util.Map<java.lang.String, java.lang.Object>)
2019-10-24 18:59:38,101  INFO (org.springframework.web.servlet.mvc.method.annotation.RequestMappingHandlerMapping:543) - Mapped "{[/admin/package],methods=[POST]}" onto public org.springframework.http.ResponseEntity<?> com.vtc.gamerid.gateway.channel.controller.PackageManagerController.createPackage(java.util.Map<java.lang.String, java.lang.Object>)
2019-10-24 18:59:38,102  INFO (org.springframework.web.servlet.mvc.method.annotation.RequestMappingHandlerMapping:543) - Mapped "{[/admin/package],methods=[GET]}" onto public org.springframework.http.ResponseEntity<?> com.vtc.gamerid.gateway.channel.controller.PackageManagerController.getAllPackage(java.util.Map<java.lang.String, java.lang.Object>)
2019-10-24 18:59:38,103  INFO (org.springframework.web.servlet.mvc.method.annotation.RequestMappingHandlerMapping:543) - Mapped "{[/admin/tags],methods=[PUT]}" onto public org.springframework.http.ResponseEntity<?> com.vtc.gamerid.gateway.channel.controller.TagsManagerController.updateTags(java.util.Map<java.lang.String, java.lang.Object>)
2019-10-24 18:59:38,106  INFO (org.springframework.web.servlet.mvc.method.annotation.RequestMappingHandlerMapping:543) - Mapped "{[/followByGame],methods=[POST]}" onto public org.springframework.http.ResponseEntity<?> com.vtc.gamerid.gateway.channel.controller.TagsManagerController.followByGame(java.util.Map<java.lang.String, java.lang.Object>)
2019-10-24 18:59:38,108  INFO (org.springframework.web.servlet.mvc.method.annotation.RequestMappingHandlerMapping:543) - Mapped "{[/admin/tags],methods=[POST]}" onto public org.springframework.http.ResponseEntity<?> com.vtc.gamerid.gateway.channel.controller.TagsManagerController.createTags(java.util.Map<java.lang.String, java.lang.Object>)
2019-10-24 18:59:38,110  INFO (org.springframework.web.servlet.mvc.method.annotation.RequestMappingHandlerMapping:543) - Mapped "{[/admin/tags],methods=[DELETE]}" onto public org.springframework.http.ResponseEntity<?> com.vtc.gamerid.gateway.channel.controller.TagsManagerController.deleteTags(java.util.Map<java.lang.String, java.lang.Object>)
2019-10-24 18:59:38,111  INFO (org.springframework.web.servlet.mvc.method.annotation.RequestMappingHandlerMapping:543) - Mapped "{[/allGame],methods=[GET]}" onto public org.springframework.http.ResponseEntity<?> com.vtc.gamerid.gateway.channel.controller.TagsManagerController.getAllTagsIsGame()
2019-10-24 18:59:38,112  INFO (org.springframework.web.servlet.mvc.method.annotation.RequestMappingHandlerMapping:543) - Mapped "{[/admin/tags],methods=[GET]}" onto public org.springframework.http.ResponseEntity<?> com.vtc.gamerid.gateway.channel.controller.TagsManagerController.getAllTags(java.util.Map<java.lang.String, java.lang.Object>)
2019-10-24 18:59:38,113  INFO (org.springframework.web.servlet.mvc.method.annotation.RequestMappingHandlerMapping:543) - Mapped "{[/admin/checkinItem],methods=[PUT]}" onto public org.springframework.http.ResponseEntity<?> com.vtc.gamerid.gateway.checkin.controller.AdminCheckinController.updateCheckinItem(com.vtc.gamerid.gateway.checkin.bean.AdminCheckinItemBean)
2019-10-24 18:59:38,114  INFO (org.springframework.web.servlet.mvc.method.annotation.RequestMappingHandlerMapping:543) - Mapped "{[/admin/checkinItem],methods=[GET]}" onto public org.springframework.http.ResponseEntity<?> com.vtc.gamerid.gateway.checkin.controller.AdminCheckinController.getCheckinItem()
2019-10-24 18:59:38,115  INFO (org.springframework.web.servlet.mvc.method.annotation.RequestMappingHandlerMapping:543) - Mapped "{[/admin/distributeGiftcode],methods=[POST]}" onto public org.springframework.http.ResponseEntity<?> com.vtc.gamerid.gateway.distributeGiftcode.controller.DistributeGiftcodeController.distributeGiftcode(com.vtc.gamerid.gateway.distributeGiftcode.bean.DistributeGiftcodeBean) throws java.io.IOException
2019-10-24 18:59:38,119  INFO (org.springframework.web.servlet.mvc.method.annotation.RequestMappingHandlerMapping:543) - Mapped "{[/admin/reportDistributeGiftcode],methods=[GET]}" onto public org.springframework.http.ResponseEntity<?> com.vtc.gamerid.gateway.distributeGiftcode.controller.DistributeGiftcodeController.reportDistributeGiftcode(com.vtc.gamerid.gateway.distributeGiftcode.bean.DistributeGiftcodeFilter)
2019-10-24 18:59:38,121  INFO (org.springframework.web.servlet.mvc.method.annotation.RequestMappingHandlerMapping:543) - Mapped "{[/decryptData],methods=[POST]}" onto public org.springframework.http.ResponseEntity<?> com.vtc.gamerid.gateway.encryptdecrypt.controller.EncryptDecryptController.decryptData(java.util.Map<java.lang.String, java.lang.Object>,javax.servlet.http.HttpServletRequest)
2019-10-24 18:59:38,123  INFO (org.springframework.web.servlet.mvc.method.annotation.RequestMappingHandlerMapping:543) - Mapped "{[/encryptData],methods=[POST]}" onto public org.springframework.http.ResponseEntity<?> com.vtc.gamerid.gateway.encryptdecrypt.controller.EncryptDecryptController.getEncrypt(java.util.Map<java.lang.String, java.lang.Object>,javax.servlet.http.HttpServletRequest)
2019-10-24 18:59:38,124  INFO (org.springframework.web.servlet.mvc.method.annotation.RequestMappingHandlerMapping:543) - Mapped "{[/errors]}" onto public org.springframework.http.ResponseEntity<?> com.vtc.gamerid.gateway.errors.ErrorController.renderErrorPage(javax.servlet.http.HttpServletRequest)
2019-10-24 18:59:38,127  INFO (org.springframework.web.servlet.mvc.method.annotation.RequestMappingHandlerMapping:543) - Mapped "{[/admin/event-game/get],methods=[GET]}" onto public org.springframework.http.ResponseEntity<?> com.vtc.gamerid.gateway.eventGame.controller.AdminEventGameController.getEvent(com.vtc.gamerid.gateway.common.dto.request.GetEventGameRequest)
2019-10-24 18:59:38,128  INFO (org.springframework.web.servlet.mvc.method.annotation.RequestMappingHandlerMapping:543) - Mapped "{[/admin/event-game/create],methods=[POST]}" onto public org.springframework.http.ResponseEntity<?> com.vtc.gamerid.gateway.eventGame.controller.AdminEventGameController.createEvent(com.vtc.gamerid.gateway.common.dto.request.CreateUpdateEventGameRequest)
2019-10-24 18:59:38,129  INFO (org.springframework.web.servlet.mvc.method.annotation.RequestMappingHandlerMapping:543) - Mapped "{[/admin/event-game/delete],methods=[DELETE]}" onto public org.springframework.http.ResponseEntity<?> com.vtc.gamerid.gateway.eventGame.controller.AdminEventGameController.deleteEvent(java.lang.Long)
2019-10-24 18:59:38,130  INFO (org.springframework.web.servlet.mvc.method.annotation.RequestMappingHandlerMapping:543) - Mapped "{[/admin/event-game/update],methods=[POST]}" onto public org.springframework.http.ResponseEntity<?> com.vtc.gamerid.gateway.eventGame.controller.AdminEventGameController.updateEvent(com.vtc.gamerid.gateway.common.dto.request.CreateUpdateEventGameRequest)
2019-10-24 18:59:38,133  INFO (org.springframework.web.servlet.mvc.method.annotation.RequestMappingHandlerMapping:543) - Mapped "{[/join-event],methods=[GET]}" onto public org.springframework.http.ResponseEntity<?> com.vtc.gamerid.gateway.eventGame.controller.ClientEventGameController.joinEventGame()
2019-10-24 18:59:38,134  INFO (org.springframework.web.servlet.mvc.method.annotation.RequestMappingHandlerMapping:543) - Mapped "{[/anonymous/event-game],methods=[GET]}" onto public org.springframework.http.ResponseEntity<?> com.vtc.gamerid.gateway.eventGame.controller.ClientEventGameController.getEvent(com.vtc.gamerid.gateway.common.dto.request.GetEventGameRequest)
2019-10-24 18:59:38,135  INFO (org.springframework.web.servlet.mvc.method.annotation.RequestMappingHandlerMapping:543) - Mapped "{[/buy-item],methods=[POST]}" onto public org.springframework.http.ResponseEntity<?> com.vtc.gamerid.gateway.eventGame.controller.ClientEventGameController.buyItemShopEvent(com.vtc.gamerid.gateway.common.dto.request.BuyItemShopEventGameRequest)
2019-10-24 18:59:38,139  INFO (org.springframework.web.servlet.mvc.method.annotation.RequestMappingHandlerMapping:543) - Mapped "{[/use-link],methods=[GET]}" onto public org.springframework.http.ResponseEntity<?> com.vtc.gamerid.gateway.eventGame.controller.ClientEventGameController.useLink(java.lang.Long,java.lang.String)
2019-10-24 18:59:38,140  INFO (org.springframework.web.servlet.mvc.method.annotation.RequestMappingHandlerMapping:543) - Mapped "{[/exchange-gift],methods=[POST]}" onto public org.springframework.http.ResponseEntity<?> com.vtc.gamerid.gateway.eventGame.controller.ClientEventGameController.exchangeGift(com.vtc.gamerid.gateway.common.dto.request.SplayExchangeGiftEventGameRequest)
2019-10-24 18:59:38,142  INFO (org.springframework.web.servlet.mvc.method.annotation.RequestMappingHandlerMapping:543) - Mapped "{[/anonymous/givePluginGiftcode],methods=[GET]}" onto public org.springframework.http.ResponseEntity<?> com.vtc.gamerid.gateway.giftcode.pluginGiftcode.controller.PluginGiftcodeController.givePluginGiftcode(com.vtc.gamerid.gateway.giftcode.pluginGiftcode.bean.PluginGiftcodeRequest)
2019-10-24 18:59:38,144  INFO (org.springframework.web.servlet.mvc.method.annotation.RequestMappingHandlerMapping:543) - Mapped "{[/anonymous/pluginGiftcode],methods=[GET]}" onto public org.springframework.http.ResponseEntity<?> com.vtc.gamerid.gateway.giftcode.pluginGiftcode.controller.PluginGiftcodeController.getPluginGiftcode(com.vtc.gamerid.gateway.giftcode.pluginGiftcode.bean.PluginGiftcodeRequest)
2019-10-24 18:59:38,150  INFO (org.springframework.web.servlet.mvc.method.annotation.RequestMappingHandlerMapping:543) - Mapped "{[/getGiftcodeHistory],methods=[GET]}" onto public org.springframework.http.ResponseEntity<?> com.vtc.gamerid.gateway.giftcode.simbaGiftcode.controller.GiftcodeManagerController.getGiftcodeHistory(java.util.Map<java.lang.String, java.lang.Object>)
2019-10-24 18:59:38,152  INFO (org.springframework.web.servlet.mvc.method.annotation.RequestMappingHandlerMapping:543) - Mapped "{[/giftcodeEvent],methods=[GET]}" onto public org.springframework.http.ResponseEntity<?> com.vtc.gamerid.gateway.giftcode.simbaGiftcode.controller.GiftcodeManagerController.getGiftcodeEvent(java.util.Map<java.lang.String, java.lang.Object>)
2019-10-24 18:59:38,154  INFO (org.springframework.web.servlet.mvc.method.annotation.RequestMappingHandlerMapping:543) - Mapped "{[/getGiftcode],methods=[GET]}" onto public org.springframework.http.ResponseEntity<?> com.vtc.gamerid.gateway.giftcode.simbaGiftcode.controller.GiftcodeManagerController.getGiftcode(java.util.Map<java.lang.String, java.lang.Object>)
2019-10-24 18:59:38,157  INFO (org.springframework.web.servlet.mvc.method.annotation.RequestMappingHandlerMapping:543) - Mapped "{[/admin/giftcodeEvent],methods=[DELETE]}" onto public org.springframework.http.ResponseEntity<?> com.vtc.gamerid.gateway.giftcode.simbaGiftcode.controller.GiftcodeManagerController.deleteGiftcodeEvent(com.vtc.gamerid.gateway.giftcode.simbaGiftcode.bean.GiftcodeEventBeanRequest)
2019-10-24 18:59:38,158  INFO (org.springframework.web.servlet.mvc.method.annotation.RequestMappingHandlerMapping:543) - Mapped "{[/admin/giftcodeReceiver],methods=[GET]}" onto public org.springframework.http.ResponseEntity<?> com.vtc.gamerid.gateway.giftcode.simbaGiftcode.controller.GiftcodeManagerController.giftcodeReceiverAdmin(com.vtc.gamerid.gateway.giftcode.simbaGiftcode.bean.GiftcodeReceiveFilter)
2019-10-24 18:59:38,159  INFO (org.springframework.web.servlet.mvc.method.annotation.RequestMappingHandlerMapping:543) - Mapped "{[/giftcodeEventDetail],methods=[GET]}" onto public org.springframework.http.ResponseEntity<?> com.vtc.gamerid.gateway.giftcode.simbaGiftcode.controller.GiftcodeManagerController.getGiftcodeEventDetail(java.util.Map<java.lang.String, java.lang.Object>)
2019-10-24 18:59:38,161  INFO (org.springframework.web.servlet.mvc.method.annotation.RequestMappingHandlerMapping:543) - Mapped "{[/admin/giftcodeCondition],methods=[GET]}" onto public org.springframework.http.ResponseEntity<?> com.vtc.gamerid.gateway.giftcode.simbaGiftcode.controller.GiftcodeManagerController.getGiftcodeCondition()
2019-10-24 18:59:38,162  INFO (org.springframework.web.servlet.mvc.method.annotation.RequestMappingHandlerMapping:543) - Mapped "{[/admin/giftcodeEvent],methods=[GET]}" onto public org.springframework.http.ResponseEntity<?> com.vtc.gamerid.gateway.giftcode.simbaGiftcode.controller.GiftcodeManagerController.getGiftcodeEventAdmin(com.vtc.gamerid.gateway.giftcode.simbaGiftcode.bean.GiftcodeFilterBean)
2019-10-24 18:59:38,163  INFO (org.springframework.web.servlet.mvc.method.annotation.RequestMappingHandlerMapping:543) - Mapped "{[/admin/updateGiftcodeEvent],methods=[POST]}" onto public org.springframework.http.ResponseEntity<?> com.vtc.gamerid.gateway.giftcode.simbaGiftcode.controller.GiftcodeManagerController.updateGiftcodeEvent(com.vtc.gamerid.gateway.giftcode.simbaGiftcode.bean.GiftcodeEventBeanRequest)
2019-10-24 18:59:38,164  INFO (org.springframework.web.servlet.mvc.method.annotation.RequestMappingHandlerMapping:543) - Mapped "{[/admin/giftcodeEvent],methods=[POST]}" onto public org.springframework.http.ResponseEntity<?> com.vtc.gamerid.gateway.giftcode.simbaGiftcode.controller.GiftcodeManagerController.createGiftcodeEvent(com.vtc.gamerid.gateway.giftcode.simbaGiftcode.bean.GiftcodeEventBeanRequest)
2019-10-24 18:59:38,168  INFO (org.springframework.web.servlet.mvc.method.annotation.RequestMappingHandlerMapping:543) - Mapped "{[/anonymous/giftcodeEventDetail],methods=[GET]}" onto public org.springframework.http.ResponseEntity<?> com.vtc.gamerid.gateway.giftcode.simbaGiftcode.controller.GiftcodeManagerController.getGiftcodeEventDetailAnonymous(java.util.Map<java.lang.String, java.lang.Object>)
2019-10-24 18:59:38,171  INFO (org.springframework.web.servlet.mvc.method.annotation.RequestMappingHandlerMapping:543) - Mapped "{[/getGiftcodeHistoryInbox],methods=[GET]}" onto public org.springframework.http.ResponseEntity<?> com.vtc.gamerid.gateway.giftcode.simbaGiftcode.controller.GiftcodeManagerController.getGiftcodeHistoryInbox(java.util.Map<java.lang.String, java.lang.Object>)
2019-10-24 18:59:38,173  INFO (org.springframework.web.servlet.mvc.method.annotation.RequestMappingHandlerMapping:543) - Mapped "{[/anonymous/giftcodeEvent],methods=[GET]}" onto public org.springframework.http.ResponseEntity<?> com.vtc.gamerid.gateway.giftcode.simbaGiftcode.controller.GiftcodeManagerController.getGiftcodeEventAnonymous(java.util.Map<java.lang.String, java.lang.Object>)
2019-10-24 18:59:38,175  INFO (org.springframework.web.servlet.mvc.method.annotation.RequestMappingHandlerMapping:543) - Mapped "{[/splayGiftcodeEvent],methods=[GET]}" onto public org.springframework.http.ResponseEntity<?> com.vtc.gamerid.gateway.giftcode.simbaGiftcode.controller.SplayGiftcodeController.splayGiftcodeEvent(com.vtc.gamerid.gateway.giftcode.simbaGiftcode.bean.GiftcodeFilterBean)
2019-10-24 18:59:38,178  INFO (org.springframework.web.servlet.mvc.method.annotation.RequestMappingHandlerMapping:543) - Mapped "{[/anonymous/splayGiftcodeEvent],methods=[GET]}" onto public org.springframework.http.ResponseEntity<?> com.vtc.gamerid.gateway.giftcode.simbaGiftcode.controller.SplayGiftcodeController.anony_splayGiftcodeEvent(com.vtc.gamerid.gateway.giftcode.simbaGiftcode.bean.GiftcodeFilterBean)
2019-10-24 18:59:38,180  INFO (org.springframework.web.servlet.mvc.method.annotation.RequestMappingHandlerMapping:543) - Mapped "{[/admin/luckyspinSetting],methods=[PUT]}" onto public org.springframework.http.ResponseEntity<?> com.vtc.gamerid.gateway.luckyspin.controller.AdminLuckyspinSettingController.adminUpdateLuckyspinSetting(com.vtc.gamerid.gateway.luckyspin.bean.LuckySpinSettingList)
2019-10-24 18:59:38,181  INFO (org.springframework.web.servlet.mvc.method.annotation.RequestMappingHandlerMapping:543) - Mapped "{[/admin/luckyspinSetting],methods=[GET]}" onto public org.springframework.http.ResponseEntity<?> com.vtc.gamerid.gateway.luckyspin.controller.AdminLuckyspinSettingController.adminGetLuckyspinSetting()
2019-10-24 18:59:38,183  INFO (org.springframework.web.servlet.mvc.method.annotation.RequestMappingHandlerMapping:543) - Mapped "{[/admin/spin-result-report],methods=[GET]}" onto public org.springframework.http.ResponseEntity<?> com.vtc.gamerid.gateway.luckyspin.controller.AdminSpinReportController.getResultReport(long,long,long)
2019-10-24 18:59:38,184  INFO (org.springframework.web.servlet.mvc.method.annotation.RequestMappingHandlerMapping:543) - Mapped "{[/admin/luckySpin],methods=[POST]}" onto public org.springframework.http.ResponseEntity<?> com.vtc.gamerid.gateway.luckyspin.controller.SpinEventAdminController.createLuckySpin(com.vtc.gamerid.gateway.luckyspin.bean.AdSEventManagerBean)
2019-10-24 18:59:38,187  INFO (org.springframework.web.servlet.mvc.method.annotation.RequestMappingHandlerMapping:543) - Mapped "{[/admin/luckySpin],methods=[GET]}" onto public org.springframework.http.ResponseEntity<?> com.vtc.gamerid.gateway.luckyspin.controller.SpinEventAdminController.adminListSpinEvent(com.vtc.gamerid.gateway.luckyspin.bean.AdminSpinEventFilterRequest)
2019-10-24 18:59:38,190  INFO (org.springframework.web.servlet.mvc.method.annotation.RequestMappingHandlerMapping:543) - Mapped "{[/admin/luckySpin],methods=[PUT]}" onto public org.springframework.http.ResponseEntity<?> com.vtc.gamerid.gateway.luckyspin.controller.SpinEventAdminController.updateLuckySpin(com.vtc.gamerid.gateway.luckyspin.bean.AdSEventManagerBean)
2019-10-24 18:59:38,192  INFO (org.springframework.web.servlet.mvc.method.annotation.RequestMappingHandlerMapping:543) - Mapped "{[/admin/luckySpin],methods=[DELETE]}" onto public org.springframework.http.ResponseEntity<?> com.vtc.gamerid.gateway.luckyspin.controller.SpinEventAdminController.deleteLuckySpin(int)
2019-10-24 18:59:38,194  INFO (org.springframework.web.servlet.mvc.method.annotation.RequestMappingHandlerMapping:543) - Mapped "{[/admin/adminItemOfSpin],methods=[GET]}" onto public org.springframework.http.ResponseEntity<?> com.vtc.gamerid.gateway.luckyspin.controller.SpinItemAdminController.adminItemOfSpin(com.vtc.gamerid.gateway.luckyspin.bean.SpinItemSqlRequest)
2019-10-24 18:59:38,195  INFO (org.springframework.web.servlet.mvc.method.annotation.RequestMappingHandlerMapping:543) - Mapped "{[/admin/adminItemOfSpin],methods=[PUT]}" onto public org.springframework.http.ResponseEntity<?> com.vtc.gamerid.gateway.luckyspin.controller.SpinItemAdminController.updateItemOfSpin(com.vtc.gamerid.gateway.luckyspin.bean.SpinItemBeanRequest)
2019-10-24 18:59:38,196  INFO (org.springframework.web.servlet.mvc.method.annotation.RequestMappingHandlerMapping:543) - Mapped "{[/admin/adminItemOfSpin],methods=[POST]}" onto public org.springframework.http.ResponseEntity<?> com.vtc.gamerid.gateway.luckyspin.controller.SpinItemAdminController.createItemOfSpin(com.vtc.gamerid.gateway.luckyspin.bean.SpinItemBeanRequest)
2019-10-24 18:59:38,198  INFO (org.springframework.web.servlet.mvc.method.annotation.RequestMappingHandlerMapping:543) - Mapped "{[/admin/adminItemOfSpin],methods=[DELETE]}" onto public org.springframework.http.ResponseEntity<?> com.vtc.gamerid.gateway.luckyspin.controller.SpinItemAdminController.deleteItemOfSpin(int)
2019-10-24 18:59:38,201  INFO (org.springframework.web.servlet.mvc.method.annotation.RequestMappingHandlerMapping:543) - Mapped "{[/anonymous/sendMail],methods=[POST]}" onto public org.springframework.http.ResponseEntity<?> com.vtc.gamerid.gateway.mail.controller.MailController.sendMail(java.util.Map<java.lang.String, java.lang.Object>)
2019-10-24 18:59:38,204  INFO (org.springframework.web.servlet.mvc.method.annotation.RequestMappingHandlerMapping:543) - Mapped "{[/admin/mission],methods=[PUT]}" onto public org.springframework.http.ResponseEntity<?> com.vtc.gamerid.gateway.mission.controller.AdminMissionController.updateMission(com.vtc.gamerid.gateway.mission.bean.MissionBeanRequest)
2019-10-24 18:59:38,205  INFO (org.springframework.web.servlet.mvc.method.annotation.RequestMappingHandlerMapping:543) - Mapped "{[/admin/mission],methods=[DELETE]}" onto public org.springframework.http.ResponseEntity<?> com.vtc.gamerid.gateway.mission.controller.AdminMissionController.deleteMission(int)
2019-10-24 18:59:38,206  INFO (org.springframework.web.servlet.mvc.method.annotation.RequestMappingHandlerMapping:543) - Mapped "{[/admin/mission],methods=[POST]}" onto public org.springframework.http.ResponseEntity<?> com.vtc.gamerid.gateway.mission.controller.AdminMissionController.createMission(com.vtc.gamerid.gateway.mission.bean.MissionBeanRequest)
2019-10-24 18:59:38,207  INFO (org.springframework.web.servlet.mvc.method.annotation.RequestMappingHandlerMapping:543) - Mapped "{[/admin/mission],methods=[GET]}" onto public org.springframework.http.ResponseEntity<?> com.vtc.gamerid.gateway.mission.controller.AdminMissionController.getMission(com.vtc.gamerid.gateway.mission.bean.MissionFilter)
2019-10-24 18:59:38,209  INFO (org.springframework.web.servlet.mvc.method.annotation.RequestMappingHandlerMapping:543) - Mapped "{[/admin/function],methods=[GET]}" onto public org.springframework.http.ResponseEntity<?> com.vtc.gamerid.gateway.role.controller.FunctionManagerController.getAllFunction(java.util.Map<java.lang.String, java.lang.Object>)
2019-10-24 18:59:38,211  INFO (org.springframework.web.servlet.mvc.method.annotation.RequestMappingHandlerMapping:543) - Mapped "{[/admin/groupRole],methods=[POST]}" onto public org.springframework.http.ResponseEntity<?> com.vtc.gamerid.gateway.role.controller.RoleManagerController.createGroupRole(java.util.Map<java.lang.String, java.lang.Object>)
2019-10-24 18:59:38,212  INFO (org.springframework.web.servlet.mvc.method.annotation.RequestMappingHandlerMapping:543) - Mapped "{[/admin/user],methods=[PUT]}" onto public org.springframework.http.ResponseEntity<?> com.vtc.gamerid.gateway.role.controller.RoleManagerController.updateUserInfo(java.util.Map<java.lang.String, java.lang.Object>)
2019-10-24 18:59:38,213  INFO (org.springframework.web.servlet.mvc.method.annotation.RequestMappingHandlerMapping:543) - Mapped "{[/admin/groupRole],methods=[GET]}" onto public org.springframework.http.ResponseEntity<?> com.vtc.gamerid.gateway.role.controller.RoleManagerController.getAllRole(java.util.Map<java.lang.String, java.lang.Object>)
2019-10-24 18:59:38,214  INFO (org.springframework.web.servlet.mvc.method.annotation.RequestMappingHandlerMapping:543) - Mapped "{[/admin/groupRole],methods=[PUT]}" onto public org.springframework.http.ResponseEntity<?> com.vtc.gamerid.gateway.role.controller.RoleManagerController.updateGroupRole(java.util.Map<java.lang.String, java.lang.Object>)
2019-10-24 18:59:38,215  INFO (org.springframework.web.servlet.mvc.method.annotation.RequestMappingHandlerMapping:543) - Mapped "{[/admin/groupRole],methods=[DELETE]}" onto public org.springframework.http.ResponseEntity<?> com.vtc.gamerid.gateway.role.controller.RoleManagerController.deleteGroupRole(java.util.Map<java.lang.String, java.lang.Object>)
2019-10-24 18:59:38,216  INFO (org.springframework.web.servlet.mvc.method.annotation.RequestMappingHandlerMapping:543) - Mapped "{[/admin/user],methods=[DELETE]}" onto public org.springframework.http.ResponseEntity<?> com.vtc.gamerid.gateway.role.controller.RoleManagerController.deleteUserInfo(java.util.Map<java.lang.String, java.lang.Object>)
2019-10-24 18:59:38,217  INFO (org.springframework.web.servlet.mvc.method.annotation.RequestMappingHandlerMapping:543) - Mapped "{[/admin/user],methods=[GET]}" onto public org.springframework.http.ResponseEntity<?> com.vtc.gamerid.gateway.role.controller.RoleManagerController.getAllUserInfo(com.vtc.gamerid.gateway.role.bean.AdminUserRequest)
2019-10-24 18:59:38,218  INFO (org.springframework.web.servlet.mvc.method.annotation.RequestMappingHandlerMapping:543) - Mapped "{[/anonymous/loginScoinFromAdb],methods=[POST]}" onto public org.springframework.http.ResponseEntity<?> com.vtc.gamerid.gateway.scoin.authorization.controller.LoginScoinController.loginScoin(com.vtc.gamerid.gateway.scoin.authorization.bean.AdbLoginScoinRequest)
2019-10-24 18:59:38,221  INFO (org.springframework.web.servlet.mvc.method.annotation.RequestMappingHandlerMapping:543) - Mapped "{[/admin/shopHistory],methods=[GET]}" onto public org.springframework.http.ResponseEntity<?> com.vtc.gamerid.gateway.shoping.controller.AdminShopHistoryController.getListShopHistory(com.vtc.gamerid.gateway.shoping.bean.AdminShopHistoryFilter)
2019-10-24 18:59:38,224  INFO (org.springframework.web.servlet.mvc.method.annotation.RequestMappingHandlerMapping:543) - Mapped "{[/admin/shopHistory],methods=[PUT]}" onto public org.springframework.http.ResponseEntity<?> com.vtc.gamerid.gateway.shoping.controller.AdminShopHistoryController.updateShopHistory(com.vtc.gamerid.gateway.shoping.bean.AdminShopHistoryBean)
2019-10-24 18:59:38,225  INFO (org.springframework.web.servlet.mvc.method.annotation.RequestMappingHandlerMapping:543) - Mapped "{[/admin/shoping],methods=[GET]}" onto public org.springframework.http.ResponseEntity<?> com.vtc.gamerid.gateway.shoping.controller.AdminShopingController.getListShoping(com.vtc.gamerid.gateway.shoping.bean.AdminShopingFilter)
2019-10-24 18:59:38,226  INFO (org.springframework.web.servlet.mvc.method.annotation.RequestMappingHandlerMapping:543) - Mapped "{[/admin/shoping],methods=[POST]}" onto public org.springframework.http.ResponseEntity<?> com.vtc.gamerid.gateway.shoping.controller.AdminShopingController.createShoping(com.vtc.gamerid.gateway.shoping.bean.AdminShopingBean)
2019-10-24 18:59:38,227  INFO (org.springframework.web.servlet.mvc.method.annotation.RequestMappingHandlerMapping:543) - Mapped "{[/admin/shoping],methods=[PUT]}" onto public org.springframework.http.ResponseEntity<?> com.vtc.gamerid.gateway.shoping.controller.AdminShopingController.updateShoping(com.vtc.gamerid.gateway.shoping.bean.AdminShopingBean)
2019-10-24 18:59:38,227  INFO (org.springframework.web.servlet.mvc.method.annotation.RequestMappingHandlerMapping:543) - Mapped "{[/admin/shoping],methods=[DELETE]}" onto public org.springframework.http.ResponseEntity<?> com.vtc.gamerid.gateway.shoping.controller.AdminShopingController.deleteShoping(long)
2019-10-24 18:59:38,229  INFO (org.springframework.web.servlet.mvc.method.annotation.RequestMappingHandlerMapping:543) - Mapped "{[/admin/shopingItem],methods=[PUT]}" onto public org.springframework.http.ResponseEntity<?> com.vtc.gamerid.gateway.shoping.controller.AdminShopingItemController.updateShoping(com.vtc.gamerid.gateway.shoping.bean.AdminShopingItemBean)
2019-10-24 18:59:38,231  INFO (org.springframework.web.servlet.mvc.method.annotation.RequestMappingHandlerMapping:543) - Mapped "{[/admin/shopingItem],methods=[GET]}" onto public org.springframework.http.ResponseEntity<?> com.vtc.gamerid.gateway.shoping.controller.AdminShopingItemController.getListShopingItem(com.vtc.gamerid.gateway.shoping.bean.AdminShopingItemFilter)
2019-10-24 18:59:38,232  INFO (org.springframework.web.servlet.mvc.method.annotation.RequestMappingHandlerMapping:543) - Mapped "{[/admin/shopingItem],methods=[POST]}" onto public org.springframework.http.ResponseEntity<?> com.vtc.gamerid.gateway.shoping.controller.AdminShopingItemController.createShopingItem(com.vtc.gamerid.gateway.shoping.bean.AdminShopingItemBean)
2019-10-24 18:59:38,238  INFO (org.springframework.web.servlet.mvc.method.annotation.RequestMappingHandlerMapping:543) - Mapped "{[/admin/shopingItem],methods=[DELETE]}" onto public org.springframework.http.ResponseEntity<?> com.vtc.gamerid.gateway.shoping.controller.AdminShopingItemController.deleteShoping(long)
2019-10-24 18:59:38,240  INFO (org.springframework.web.servlet.mvc.method.annotation.RequestMappingHandlerMapping:543) - Mapped "{[/admin/shopingPromotion],methods=[PUT]}" onto public org.springframework.http.ResponseEntity<?> com.vtc.gamerid.gateway.shoping.controller.AdminShopPromotionController.updatePromotion(com.vtc.gamerid.gateway.shoping.bean.AdminShopingPromotionBean)
2019-10-24 18:59:38,241  INFO (org.springframework.web.servlet.mvc.method.annotation.RequestMappingHandlerMapping:543) - Mapped "{[/admin/shopingPromotion],methods=[DELETE]}" onto public org.springframework.http.ResponseEntity<?> com.vtc.gamerid.gateway.shoping.controller.AdminShopPromotionController.deletePromotion(long)
2019-10-24 18:59:38,242  INFO (org.springframework.web.servlet.mvc.method.annotation.RequestMappingHandlerMapping:543) - Mapped "{[/admin/shopingPromotion],methods=[GET]}" onto public org.springframework.http.ResponseEntity<?> com.vtc.gamerid.gateway.shoping.controller.AdminShopPromotionController.getListPromotion(com.vtc.gamerid.gateway.shoping.bean.AdminShopingPromotionFilter)
2019-10-24 18:59:38,243  INFO (org.springframework.web.servlet.mvc.method.annotation.RequestMappingHandlerMapping:543) - Mapped "{[/admin/shopingPromotion],methods=[POST]}" onto public org.springframework.http.ResponseEntity<?> com.vtc.gamerid.gateway.shoping.controller.AdminShopPromotionController.createPromotion(com.vtc.gamerid.gateway.shoping.bean.AdminShopingPromotionBean)
2019-10-24 18:59:38,246  INFO (org.springframework.web.servlet.mvc.method.annotation.RequestMappingHandlerMapping:543) - Mapped "{[/anonymous/shoping],methods=[GET]}" onto public org.springframework.http.ResponseEntity<?> com.vtc.gamerid.gateway.shoping.controller.ClientShopingController.getListShoping(com.vtc.gamerid.gateway.shoping.bean.AdminShopingFilter)
2019-10-24 18:59:38,248  INFO (org.springframework.web.servlet.mvc.method.annotation.RequestMappingHandlerMapping:543) - Mapped "{[/anonymous/shopAndAuction],methods=[GET]}" onto public org.springframework.http.ResponseEntity<?> com.vtc.gamerid.gateway.shoping.controller.ClientShopingItemController.shopAndAuction()
2019-10-24 18:59:38,249  INFO (org.springframework.web.servlet.mvc.method.annotation.RequestMappingHandlerMapping:543) - Mapped "{[/anonymous/shopingItem],methods=[GET]}" onto public org.springframework.http.ResponseEntity<?> com.vtc.gamerid.gateway.shoping.controller.ClientShopingItemController.getListShopingItem(com.vtc.gamerid.gateway.shoping.bean.ClientShopingItemFilter)
2019-10-24 18:59:38,251  INFO (org.springframework.web.servlet.mvc.method.annotation.RequestMappingHandlerMapping:543) - Mapped "{[/anonymous/shopItemPromotion],methods=[GET]}" onto public org.springframework.http.ResponseEntity<?> com.vtc.gamerid.gateway.shoping.controller.ClientShopingItemController.getListItemPromotion(com.vtc.gamerid.gateway.shoping.bean.ClientShopItemProFilter)
2019-10-24 18:59:38,253  INFO (org.springframework.web.servlet.mvc.method.annotation.RequestMappingHandlerMapping:543) - Mapped "{[/show-special-gifts],methods=[GET]}" onto public org.springframework.http.ResponseEntity<?> com.vtc.gamerid.gateway.shoping.controller.ShopShowSpecialGiftsController.show()
2019-10-24 18:59:38,255  INFO (org.springframework.web.servlet.mvc.method.annotation.RequestMappingHandlerMapping:543) - Mapped "{[/signup],methods=[POST]}" onto public org.springframework.http.ResponseEntity<?> com.vtc.gamerid.gateway.signup.controller.SignupController.signupController(java.util.Map<java.lang.String, java.lang.Object>)
2019-10-24 18:59:38,257  INFO (org.springframework.web.servlet.mvc.method.annotation.RequestMappingHandlerMapping:543) - Mapped "{[/admin/splayConfig],methods=[GET]}" onto public org.springframework.http.ResponseEntity<?> com.vtc.gamerid.gateway.splay.config.controller.SplayConfigController.getSplayConfig()
2019-10-24 18:59:38,259  INFO (org.springframework.web.servlet.mvc.method.annotation.RequestMappingHandlerMapping:543) - Mapped "{[/admin/splayTrans],methods=[GET]}" onto public org.springframework.http.ResponseEntity<?> com.vtc.gamerid.gateway.splay.transaction.controller.AdminSplayTransController.getSplayConfig(com.vtc.gamerid.gateway.splay.transaction.bean.AdminReportTransRequest)
2019-10-24 18:59:38,261  INFO (org.springframework.web.servlet.mvc.method.annotation.RequestMappingHandlerMapping:543) - Mapped "{[/admin/splayCard],methods=[POST]}" onto public org.springframework.http.ResponseEntity<?> com.vtc.gamerid.gateway.splayCard.controller.AdminSplayCardController.importCard(com.vtc.gamerid.gateway.splayCard.bean.ImportCardRequest)
2019-10-24 18:59:38,262  INFO (org.springframework.web.servlet.mvc.method.annotation.RequestMappingHandlerMapping:543) - Mapped "{[/admin/splayCard],methods=[GET]}" onto public org.springframework.http.ResponseEntity<?> com.vtc.gamerid.gateway.splayCard.controller.AdminSplayCardController.getListCard(com.vtc.gamerid.gateway.splayCard.bean.CardFilter)
2019-10-24 18:59:38,263  INFO (org.springframework.web.servlet.mvc.method.annotation.RequestMappingHandlerMapping:543) - Mapped "{[/admin/splayGame],methods=[PUT]}" onto public org.springframework.http.ResponseEntity<?> com.vtc.gamerid.gateway.splayGame.controller.AdminSplayGameController.updateSplayGame(com.vtc.gamerid.gateway.splayGame.bean.AdminSplayGameBeanRequest)
2019-10-24 18:59:38,265  INFO (org.springframework.web.servlet.mvc.method.annotation.RequestMappingHandlerMapping:543) - Mapped "{[/admin/splayGame],methods=[GET]}" onto public org.springframework.http.ResponseEntity<?> com.vtc.gamerid.gateway.splayGame.controller.AdminSplayGameController.getSplayGame(com.vtc.gamerid.gateway.splayGame.bean.AdminSplayGameFilter)
2019-10-24 18:59:38,267  INFO (org.springframework.web.servlet.mvc.method.annotation.RequestMappingHandlerMapping:543) - Mapped "{[/admin/splayGame],methods=[POST]}" onto public org.springframework.http.ResponseEntity<?> com.vtc.gamerid.gateway.splayGame.controller.AdminSplayGameController.createSplayGame(com.vtc.gamerid.gateway.splayGame.bean.AdminSplayGameBeanRequest)
2019-10-24 18:59:38,271  INFO (org.springframework.web.servlet.mvc.method.annotation.RequestMappingHandlerMapping:543) - Mapped "{[/admin/splayGame],methods=[DELETE]}" onto public org.springframework.http.ResponseEntity<?> com.vtc.gamerid.gateway.splayGame.controller.AdminSplayGameController.deleteSplayGame(int)
2019-10-24 18:59:38,273  INFO (org.springframework.web.servlet.mvc.method.annotation.RequestMappingHandlerMapping:543) - Mapped "{[/admin/splayGamePosition],methods=[PUT]}" onto public org.springframework.http.ResponseEntity<?> com.vtc.gamerid.gateway.splayGame.controller.AdminSplayGameController.updateSplayGamePosition(com.vtc.gamerid.gateway.splayGame.bean.AdminPositionRequest)
2019-10-24 18:59:38,275  INFO (org.springframework.web.servlet.mvc.method.annotation.RequestMappingHandlerMapping:543) - Mapped "{[/admin/splayTag],methods=[DELETE]}" onto public org.springframework.http.ResponseEntity<?> com.vtc.gamerid.gateway.splayGame.controller.AdminSplayTagController.deleteSplayTag(long)
2019-10-24 18:59:38,277  INFO (org.springframework.web.servlet.mvc.method.annotation.RequestMappingHandlerMapping:543) - Mapped "{[/admin/splayTag],methods=[POST]}" onto public org.springframework.http.ResponseEntity<?> com.vtc.gamerid.gateway.splayGame.controller.AdminSplayTagController.createSplayTag(com.vtc.gamerid.gateway.splayGame.bean.AdminSplayTagBean)
2019-10-24 18:59:38,278  INFO (org.springframework.web.servlet.mvc.method.annotation.RequestMappingHandlerMapping:543) - Mapped "{[/admin/splayTag],methods=[PUT]}" onto public org.springframework.http.ResponseEntity<?> com.vtc.gamerid.gateway.splayGame.controller.AdminSplayTagController.updateSplayTag(com.vtc.gamerid.gateway.splayGame.bean.AdminSplayTagBean)
2019-10-24 18:59:38,278  INFO (org.springframework.web.servlet.mvc.method.annotation.RequestMappingHandlerMapping:543) - Mapped "{[/admin/splayTag],methods=[GET]}" onto public org.springframework.http.ResponseEntity<?> com.vtc.gamerid.gateway.splayGame.controller.AdminSplayTagController.anonymoust_getSplayTag(com.vtc.gamerid.gateway.splayGame.bean.ClientSplayTagFilter)
2019-10-24 18:59:38,280  INFO (org.springframework.web.servlet.mvc.method.annotation.RequestMappingHandlerMapping:543) - Mapped "{[/get-balance-xo],methods=[GET]}" onto public org.springframework.http.ResponseEntity<?> com.vtc.gamerid.gateway.splayGame.controller.KNBGameController.getBalanceXO(int)
2019-10-24 18:59:38,281  INFO (org.springframework.web.servlet.mvc.method.annotation.RequestMappingHandlerMapping:543) - Mapped "{[/exchange-xo],methods=[POST]}" onto public org.springframework.http.ResponseEntity<?> com.vtc.gamerid.gateway.splayGame.controller.KNBGameController.getBalanceXO(com.vtc.gamerid.gateway.common.dto.request.ExchangeXORequest)
2019-10-24 18:59:38,282  INFO (org.springframework.web.servlet.mvc.method.annotation.RequestMappingHandlerMapping:543) - Mapped "{[/admin/getTransactionHistory],methods=[POST]}" onto public org.springframework.http.ResponseEntity<?> com.vtc.gamerid.gateway.transactionhistory.controller.TransactionHistoryAdminController.getTransactionHistory(com.vtc.gamerid.gateway.transactionhistory.bean.SearchTransactionHistoryBean)
2019-10-24 18:59:38,284  INFO (org.springframework.web.servlet.mvc.method.annotation.RequestMappingHandlerMapping:543) - Mapped "{[/admin/sumTransactionHistory],methods=[POST]}" onto public org.springframework.http.ResponseEntity<?> com.vtc.gamerid.gateway.transactionhistory.controller.TransactionHistoryAdminController.sumTransactionHistory(com.vtc.gamerid.gateway.transactionhistory.bean.SearchTransactionHistoryBean)
2019-10-24 18:59:38,290  INFO (org.springframework.web.servlet.mvc.method.annotation.RequestMappingHandlerMapping:543) - Mapped "{[/admin/turnover-landmark/get],methods=[GET]}" onto public org.springframework.http.ResponseEntity<?> com.vtc.gamerid.gateway.turnover.controller.TurnoverLandmarkController.getTurnoverLandmark(com.vtc.gamerid.gateway.common.dto.request.GetTurnonverLandmarkRequest)
2019-10-24 18:59:38,292  INFO (org.springframework.web.servlet.mvc.method.annotation.RequestMappingHandlerMapping:543) - Mapped "{[/admin/turnover-landmark/create],methods=[POST]}" onto public org.springframework.http.ResponseEntity<?> com.vtc.gamerid.gateway.turnover.controller.TurnoverLandmarkController.createTurnoverLandmark(java.util.List<com.vtc.gamerid.gateway.common.dto.request.CreateUpdateTurnoverLandmarkRequest>)
2019-10-24 18:59:38,293  INFO (org.springframework.web.servlet.mvc.method.annotation.RequestMappingHandlerMapping:543) - Mapped "{[/admin/turnover-landmark/update],methods=[POST]}" onto public org.springframework.http.ResponseEntity<?> com.vtc.gamerid.gateway.turnover.controller.TurnoverLandmarkController.updateTurnoverLandmark(java.util.List<com.vtc.gamerid.gateway.common.dto.request.CreateUpdateTurnoverLandmarkRequest>)
2019-10-24 18:59:38,295  INFO (org.springframework.web.servlet.mvc.method.annotation.RequestMappingHandlerMapping:543) - Mapped "{[/admin/turnover-landmark/delete],methods=[DELETE]}" onto public org.springframework.http.ResponseEntity<?> com.vtc.gamerid.gateway.turnover.controller.TurnoverLandmarkController.deleteTurnoverLandmark(java.util.List<java.lang.Long>)
2019-10-24 18:59:38,301  INFO (org.springframework.web.servlet.mvc.method.annotation.RequestMappingHandlerMapping:543) - Mapped "{[/admin/uploadFile],methods=[POST]}" onto public org.springframework.http.ResponseEntity<?> com.vtc.gamerid.gateway.upload.controller.UploadFileController.uploadFile(com.vtc.gamerid.gateway.upload.bean.UploadFileBean)
2019-10-24 18:59:38,305  INFO (org.springframework.web.servlet.mvc.method.annotation.RequestMappingHandlerMapping:543) - Mapped "{[/admin/deleteImage],methods=[POST]}" onto public org.springframework.http.ResponseEntity<?> com.vtc.gamerid.gateway.upload.controller.UploadFileController.deleteImage(com.vtc.gamerid.gateway.common.dto.request.DeleteImageRequest)
2019-10-24 18:59:38,307  INFO (org.springframework.web.servlet.mvc.method.annotation.RequestMappingHandlerMapping:543) - Mapped "{[/admin/uploadImage],methods=[POST]}" onto public org.springframework.http.ResponseEntity<?> com.vtc.gamerid.gateway.upload.controller.UploadFileController.uploadImage(com.vtc.gamerid.gateway.common.dto.request.UploadImageRequest)
2019-10-24 18:59:38,312  INFO (org.springframework.web.servlet.mvc.method.annotation.RequestMappingHandlerMapping:543) - Mapped "{[/swagger-resources/configuration/ui]}" onto public org.springframework.http.ResponseEntity<springfox.documentation.swagger.web.UiConfiguration> springfox.documentation.swagger.web.ApiResourceController.uiConfiguration()
2019-10-24 18:59:38,313  INFO (org.springframework.web.servlet.mvc.method.annotation.RequestMappingHandlerMapping:543) - Mapped "{[/swagger-resources]}" onto public org.springframework.http.ResponseEntity<java.util.List<springfox.documentation.swagger.web.SwaggerResource>> springfox.documentation.swagger.web.ApiResourceController.swaggerResources()
2019-10-24 18:59:38,314  INFO (org.springframework.web.servlet.mvc.method.annotation.RequestMappingHandlerMapping:543) - Mapped "{[/swagger-resources/configuration/security]}" onto public org.springframework.http.ResponseEntity<springfox.documentation.swagger.web.SecurityConfiguration> springfox.documentation.swagger.web.ApiResourceController.securityConfiguration()
2019-10-24 18:59:38,317  INFO (org.springframework.web.servlet.mvc.method.annotation.RequestMappingHandlerMapping:543) - Mapped "{[/error]}" onto public org.springframework.http.ResponseEntity<java.util.Map<java.lang.String, java.lang.Object>> org.springframework.boot.autoconfigure.web.BasicErrorController.error(javax.servlet.http.HttpServletRequest)
2019-10-24 18:59:38,320  INFO (org.springframework.web.servlet.mvc.method.annotation.RequestMappingHandlerMapping:543) - Mapped "{[/error],produces=[text/html]}" onto public org.springframework.web.servlet.ModelAndView org.springframework.boot.autoconfigure.web.BasicErrorController.errorHtml(javax.servlet.http.HttpServletRequest,javax.servlet.http.HttpServletResponse)
2019-10-24 18:59:38,790  INFO (org.springframework.orm.hibernate3.HibernateTransactionManager:416) - Using DataSource [org.springframework.jdbc.datasource.DriverManagerDataSource@2436b67e] of Hibernate SessionFactory for HibernateTransactionManager
2019-10-24 18:59:38,885  INFO (springfox.documentation.spring.web.PropertySourcedRequestMappingHandlerMapping:69) - Mapped URL path [/v2/api-docs] onto method [public org.springframework.http.ResponseEntity<springfox.documentation.spring.web.json.Json> springfox.documentation.swagger2.web.Swagger2Controller.getDocumentation(java.lang.String,javax.servlet.http.HttpServletRequest)]
2019-10-24 18:59:39,486  INFO (org.springframework.security.web.DefaultSecurityFilterChain:43) - Creating filter chain: Ant [pattern='/resources/**'], []
2019-10-24 18:59:39,486  INFO (org.springframework.security.web.DefaultSecurityFilterChain:43) - Creating filter chain: Ant [pattern='/.well-known/**'], []
2019-10-24 18:59:39,490  INFO (org.springframework.security.web.DefaultSecurityFilterChain:43) - Creating filter chain: Ant [pattern='/v2/api-docs'], []
2019-10-24 18:59:39,492  INFO (org.springframework.security.web.DefaultSecurityFilterChain:43) - Creating filter chain: Ant [pattern='/configuration/**'], []
2019-10-24 18:59:39,493  INFO (org.springframework.security.web.DefaultSecurityFilterChain:43) - Creating filter chain: Ant [pattern='/swagger*/**'], []
2019-10-24 18:59:39,494  INFO (org.springframework.security.web.DefaultSecurityFilterChain:43) - Creating filter chain: Ant [pattern='/webjars/**'], []
2019-10-24 18:59:39,690  INFO (org.springframework.security.web.DefaultSecurityFilterChain:43) - Creating filter chain: OrRequestMatcher [requestMatchers=[Ant [pattern='/lgi'], Ant [pattern='/oauth/token_key'], Ant [pattern='/oauth/check_token']]], [org.springframework.security.web.context.request.async.WebAsyncManagerIntegrationFilter@3c35b890, org.springframework.security.web.context.SecurityContextPersistenceFilter@34229b1d, org.springframework.security.web.header.HeaderWriterFilter@12491adf, org.springframework.security.web.authentication.logout.LogoutFilter@2fb2d48c, org.springframework.security.web.authentication.www.BasicAuthenticationFilter@5c4e7b79, org.springframework.security.web.savedrequest.RequestCacheAwareFilter@2e9b5f53, org.springframework.security.web.servletapi.SecurityContextHolderAwareRequestFilter@6d0a618d, org.springframework.security.web.authentication.AnonymousAuthenticationFilter@6a38cae1, org.springframework.security.web.session.SessionManagementFilter@51f5f231, org.springframework.security.web.access.ExceptionTranslationFilter@114a452d, org.springframework.security.web.access.intercept.FilterSecurityInterceptor@521adbe6]
2019-10-24 18:59:39,727  INFO (org.springframework.security.web.DefaultSecurityFilterChain:43) - Creating filter chain: OrRequestMatcher [requestMatchers=[org.springframework.security.oauth2.config.annotation.web.configuration.ResourceServerConfiguration$NotOAuthRequestMatcher@52e204e7]], [org.springframework.security.web.context.request.async.WebAsyncManagerIntegrationFilter@567b9b, org.springframework.security.web.context.SecurityContextPersistenceFilter@661be98f, org.springframework.security.web.header.HeaderWriterFilter@5bbf669f, org.springframework.security.web.authentication.logout.LogoutFilter@43611cba, org.springframework.security.oauth2.provider.authentication.OAuth2AuthenticationProcessingFilter@4444b6f9, org.springframework.security.web.savedrequest.RequestCacheAwareFilter@7ff779d1, org.springframework.security.web.servletapi.SecurityContextHolderAwareRequestFilter@5fdc632e, org.springframework.security.web.authentication.AnonymousAuthenticationFilter@21d2710f, org.springframework.security.web.session.SessionManagementFilter@780c95aa, org.springframework.security.web.access.ExceptionTranslationFilter@4fbac9f4, org.springframework.security.web.access.intercept.FilterSecurityInterceptor@4e8c982a]
2019-10-24 18:59:39,803  INFO (org.springframework.security.web.DefaultSecurityFilterChain:43) - Creating filter chain: org.springframework.security.web.util.matcher.AnyRequestMatcher@1, [org.springframework.security.web.context.request.async.WebAsyncManagerIntegrationFilter@33d2cefb, org.springframework.security.web.context.SecurityContextPersistenceFilter@7ee7af6f, org.springframework.security.web.header.HeaderWriterFilter@4f26cc09, org.springframework.security.web.csrf.CsrfFilter@3b47fa1d, org.springframework.security.web.authentication.logout.LogoutFilter@2e68a646, org.springframework.security.web.authentication.UsernamePasswordAuthenticationFilter@645fd7bf, org.springframework.security.web.authentication.ui.DefaultLoginPageGeneratingFilter@503ab97d, org.springframework.security.web.authentication.www.BasicAuthenticationFilter@3378b036, org.springframework.security.web.savedrequest.RequestCacheAwareFilter@20962d9e, org.springframework.security.web.servletapi.SecurityContextHolderAwareRequestFilter@5929fb01, org.springframework.security.web.authentication.AnonymousAuthenticationFilter@2e13a671, org.springframework.security.web.session.SessionManagementFilter@1902030a, org.springframework.security.web.access.ExceptionTranslationFilter@47b4a9f, org.springframework.security.web.access.intercept.FilterSecurityInterceptor@70e8993d]
2019-10-24 18:59:40,064  INFO (org.springframework.web.servlet.mvc.method.annotation.RequestMappingHandlerAdapter:534) - Looking for @ControllerAdvice: org.springframework.boot.context.embedded.AnnotationConfigEmbeddedWebApplicationContext@d025f7b: startup date [Thu Oct 24 18:59:28 ICT 2019]; root of context hierarchy
2019-10-24 18:59:40,233  INFO (org.springframework.web.servlet.handler.SimpleUrlHandlerMapping:362) - Mapped URL path [/resources/**] onto handler of type [class org.springframework.web.servlet.resource.ResourceHttpRequestHandler]
2019-10-24 18:59:40,233  INFO (org.springframework.web.servlet.handler.SimpleUrlHandlerMapping:362) - Mapped URL path [/.well-known/**] onto handler of type [class org.springframework.web.servlet.resource.ResourceHttpRequestHandler]
2019-10-24 18:59:40,234  INFO (org.springframework.web.servlet.handler.SimpleUrlHandlerMapping:362) - Mapped URL path [/webjars/**] onto handler of type [class org.springframework.web.servlet.resource.ResourceHttpRequestHandler]
2019-10-24 18:59:40,235  INFO (org.springframework.web.servlet.handler.SimpleUrlHandlerMapping:362) - Mapped URL path [/**] onto handler of type [class org.springframework.web.servlet.resource.ResourceHttpRequestHandler]
2019-10-24 18:59:40,270  INFO (org.springframework.web.servlet.mvc.method.annotation.ExceptionHandlerExceptionResolver:273) - Detected @ExceptionHandler methods in splayExceptionHandler
2019-10-24 18:59:40,328  INFO (org.springframework.web.servlet.handler.SimpleUrlHandlerMapping:362) - Mapped URL path [/**/favicon.ico] onto handler of type [class org.springframework.web.servlet.resource.ResourceHttpRequestHandler]
2019-10-24 18:59:40,886  INFO (org.springframework.jmx.export.annotation.AnnotationMBeanExporter:431) - Registering beans for JMX exposure on startup
2019-10-24 18:59:40,900  INFO (org.springframework.context.support.DefaultLifecycleProcessor:343) - Starting beans in phase 2147483647
2019-10-24 18:59:40,900  INFO (springfox.documentation.spring.web.plugins.DocumentationPluginsBootstrapper:151) - Context refreshed
2019-10-24 18:59:40,926  INFO (springfox.documentation.spring.web.plugins.DocumentationPluginsBootstrapper:154) - Found 1 custom documentation plugin(s)
2019-10-24 18:59:40,998  INFO (springfox.documentation.spring.web.scanners.ApiListingReferenceScanner:41) - Scanning for api listing references
2019-10-24 18:59:41,289  INFO (springfox.documentation.spring.web.readers.operation.CachingOperationNameGenerator:40) - Generating unique operation named: deleteShopingUsingDELETE_1
2019-10-24 18:59:41,295  INFO (springfox.documentation.spring.web.readers.operation.CachingOperationNameGenerator:40) - Generating unique operation named: updateShopingUsingPUT_1
2019-10-24 18:59:41,394  INFO (springfox.documentation.spring.web.readers.operation.CachingOperationNameGenerator:40) - Generating unique operation named: getAuctionUsingGET_1
2019-10-24 18:59:41,408  INFO (springfox.documentation.spring.web.readers.operation.CachingOperationNameGenerator:40) - Generating unique operation named: getEventUsingGET_1
2019-10-24 18:59:41,414  INFO (springfox.documentation.spring.web.readers.operation.CachingOperationNameGenerator:40) - Generating unique operation named: getListShopingUsingGET_1
2019-10-24 18:59:41,425  INFO (springfox.documentation.spring.web.readers.operation.CachingOperationNameGenerator:40) - Generating unique operation named: getListShopingItemUsingGET_1
2019-10-24 18:59:41,519  INFO (springfox.documentation.spring.web.readers.operation.CachingOperationNameGenerator:40) - Generating unique operation named: getSplayConfigUsingGET_1
2019-10-24 18:59:41,674  INFO (org.springframework.boot.context.embedded.tomcat.TomcatEmbeddedServletContainer:198) - Tomcat started on port(s): 8081 (http)
2019-10-24 18:59:41,682  INFO (com.vtc.gamerid.gateway.ApplicationStartup:31) - ******Loading System Config******
2019-10-24 18:59:41,838  INFO (com.vtc.gamerid.gateway.ApplicationStartup:36) - ******End Load System Config******
2019-10-24 18:59:41,839  INFO (com.vtc.gamerid.gateway.VTCApiApplication:57) - Started VTCApiApplication in 13.804 seconds (JVM running for 30.269)
2019-10-24 18:59:50,756  INFO (org.springframework.web.servlet.DispatcherServlet:489) - FrameworkServlet 'dispatcherServlet': initialization started
2019-10-24 18:59:50,798  INFO (org.springframework.web.servlet.DispatcherServlet:508) - FrameworkServlet 'dispatcherServlet': initialization completed in 40 ms
2019-10-24 18:59:51,172  INFO (com.vtc.gamerid.gateway.annotations.SpringAOPHandle:108) - ==> [Request] login [Anonymous] : {"principal":"admingamerid","credentials":"vtcmobile@2017","authorities":[],"details":{"grant_type":"password","loginType":"gamerid","username":"admingamerid"},"authenticated":false}
2019-10-24 18:59:51,227  INFO (com.vtc.gamerid.gateway.annotations.SpringAOPHandle:128) - ==> [Response] login [Anonymous] : {"principal":{"lastName":"","address":"","urlAvatar":"","userInfoId":32,"groupRole":["channelManager","packageManager","tagManager","roleManager","landingPageManager","likeShareCommentManager","uploadFile","metadataManager","notifiManager","walletManager","transactionManager","miniGameManager","managerBetting","categoryManager","managerAuction","splaySetting","checkinManager","itemManager","missionManager","moneyFundsManager","QRCodeManager","reportManager","shopingManager","splayAdsManager","splayGameManager","giftcodeEventManager","articleManager","toolGiftcodeManager","adbSettingManager","splayArticleManager"],"firstName":"","id":33,"email":"gamerid@vtc.vn","username":"admingamerid"},"authorities":[{"role":"USER"}],"authenticated":true}
2019-10-24 18:59:53,003  INFO (com.vtc.gamerid.gateway.annotations.SpringAOPHandle:108) - ==> [Request] getListGiftcodeEventByUser [32] : {"limit":1,"offset":0,"gameId":-1,"showing":2,"giftcodeId":-1}
2019-10-24 18:59:53,052  INFO (com.vtc.gamerid.gateway.annotations.SpringAOPHandle:128) - ==> [Response] getListGiftcodeEventByUser [32] : {"statusCode":"F","onlyMessage":"??i t??ng tr?ng","dataArr":[],"totalRecords":0,"_code":0}
2019-10-24 18:59:54,041  INFO (com.vtc.gamerid.gateway.annotations.SpringAOPHandle:108) - ==> [Request] getAllUserInfo [32] : {"limit":1,"offset":0,"searchValue":""}
2019-10-24 18:59:54,098  INFO (com.vtc.gamerid.gateway.annotations.SpringAOPHandle:128) - ==> [Response] getAllUserInfo [32] : {"statusCode":"T","onlyMessage":"thnh cng","dataArr":[{"id":1,"fullName":"Auction Simba","gender":"male","status":"active","point":0,"deviceId":"","groupRole":{"id":1,"name":"user","point":1,"status":"active","functionList":[]},"vipLevel":2058269,"splayPoint":12323344}],"totalRecords":107530,"_code":0}
2019-10-24 19:00:01,960  INFO (com.vtc.gamerid.gateway.annotations.SpringAOPHandle:108) - ==> [Request] getItemByPublisher [32] : {"limit":10000,"offset":0,"createBy":0,"spinId":0,"status":"active","isDefault":-1}
2019-10-24 19:00:02,185  INFO (com.vtc.gamerid.gateway.annotations.SpringAOPHandle:108) - ==> [Request] adminGetSpinEvent [32] : {"limit":5,"offset":0,"publisherId":-1}
2019-10-24 19:00:02,358  INFO (com.vtc.gamerid.gateway.annotations.SpringAOPHandle:128) - ==> [Response] adminGetSpinEvent [32] : {"statusCode":"T","onlyMessage":"thnh cng","dataArr":[],"totalRecords":0,"_code":0}
2019-10-24 19:00:02,361  INFO (com.vtc.gamerid.gateway.annotations.SpringAOPHandle:125) - ==> [Response] getItemByPublisher [32] : AuditLogsId - 82392
2019-10-24 19:00:03,753  INFO (com.vtc.gamerid.gateway.annotations.SpringAOPHandle:108) - ==> [Request] getAllUserInfo [32] : {"limit":10,"offset":0,"searchValue":"","roleName":"publisher"}
2019-10-24 19:00:03,800  INFO (com.vtc.gamerid.gateway.annotations.SpringAOPHandle:125) - ==> [Response] getAllUserInfo [32] : AuditLogsId - 82393
2019-10-24 19:00:21,377  INFO (com.vtc.gamerid.gateway.upload.controller.UploadFileController:31) - REQUEST UPLOAD IMAGE ======== {"image":{"part":{"fileItem":{"fieldName":"image","contentType":"image/jpeg","isFormField":false,"fileName":"1552464465688-51163549_2298223540438488_6368906165996224512_o.jpg","size":-1,"sizeThreshold":0,"repository":{"path":"C:\\Users\\BigZest\\AppData\\Local\\Temp\\tomcat.7548507355957203212.8081\\work\\Tomcat\\localhost\\ROOT"},"headers":{"headerNameToValueListMap":{"content-disposition":["form-data; name\u003d\"image\"; filename\u003d\"1552464465688-51163549_2298223540438488_6368906165996224512_o.jpg\""],"content-type":["image/jpeg"]}}},"location":{"path":"C:\\Users\\BigZest\\AppData\\Local\\Temp\\tomcat.7548507355957203212.8081\\work\\Tomcat\\localhost\\ROOT"}},"filename":"1552464465688-51163549_2298223540438488_6368906165996224512_o.jpg"},"width":0,"height":0,"size":0}
2019-10-24 19:00:21,546  INFO (com.vtc.gamerid.gateway.common.service.AbstractService:117) - Upload image name : 1571918421546-1552464465688-51163549_2298223540438488_6368906165996224512_o.jpg to local project
2019-10-24 19:00:21,609  INFO (com.vtc.gamerid.gateway.upload.controller.UploadFileController:38) - 
================[RESPOSE API] ================= {"status":"01","message":"Successful!","data":"http://171.244.14.44:8081/resources/image/1571918421546-1552464465688-51163549_2298223540438488_6368906165996224512_o.jpg","totalRecords":0}

2019-10-24 19:00:59,173  INFO (com.vtc.gamerid.gateway.annotations.SpringAOPHandle:108) - ==> [Request] createSpinEvent [32] : {"spinEventId":-1,"name":"Vng Quay May M?n","type":"VONG_QUAY","image":"http://171.244.14.44:8081/resources/image/1571918421546-1552464465688-51163549_2298223540438488_6368906165996224512_o.jpg","startDate":"Oct 28, 2019, 12:00:00 AM","endDate":"Nov 5, 2019, 12:00:00 AM","description":"\u003cp\u003eV\u0026ograve;ng Quay May M?n\u003c/p\u003e\n","linkLiveStream":"","freeSpinPerDay":0,"freeSpinOnStart":3,"maxSpinPerUser":3000000,"pricePerTurn":0,"status":"active","rankingType":0,"dateStartRanking":1571850000000,"dateEndRanking":1571850000000,"itemOfSpin":[]}
2019-10-24 19:00:59,240  INFO (com.vtc.gamerid.gateway.annotations.SpringAOPHandle:128) - ==> [Response] createSpinEvent [32] : {"statusCode":"F","onlyMessage":"Item of luckyspin invalid","dataArr":[],"totalRecords":0,"_code":0}
2019-10-24 19:00:59,881  INFO (com.vtc.gamerid.gateway.annotations.SpringAOPHandle:108) - ==> [Request] adminGetSpinEvent [32] : {"limit":5,"offset":0,"publisherId":-1}
2019-10-24 19:00:59,928  INFO (com.vtc.gamerid.gateway.annotations.SpringAOPHandle:128) - ==> [Response] adminGetSpinEvent [32] : {"statusCode":"T","onlyMessage":"thnh cng","dataArr":[],"totalRecords":0,"_code":0}
